

================================================================
== Vivado HLS Report for 'getClustersin3x4Regi'
================================================================
* Date:           Wed Oct 31 22:16:45 2018

* Version:        2016.4 (Build 1756540 on Mon Jan 23 19:31:01 MST 2017)
* Project:        RCT_2016_project
* Solution:       solution1
* Product family: virtex7
* Target device:  xc7vx690tffg1927-2


================================================================
== Performance Estimates
================================================================
+ Timing (ns): 
    * Summary: 
    +--------+-------+----------+------------+
    |  Clock | Target| Estimated| Uncertainty|
    +--------+-------+----------+------------+
    |ap_clk  |   4.16|      3.64|        0.52|
    +--------+-------+----------+------------+

+ Latency (clock cycles): 
    * Summary: 
    +-----+-----+-----+-----+----------+
    |  Latency  |  Interval | Pipeline |
    | min | max | min | max |   Type   |
    +-----+-----+-----+-----+----------+
    |   16|   16|    6|    6| function |
    +-----+-----+-----+-----+----------+

    + Detail: 
        * Instance: 
        +--------------------------------+--------------------+-----+-----+-----+-----+----------+
        |                                |                    |  Latency  |  Interval | Pipeline |
        |            Instance            |       Module       | min | max | min | max |   Type   |
        +--------------------------------+--------------------+-----+-----+-----+-----+----------+
        |grp_bitonic_1_8_fu_2418         |bitonic_1_8         |    4|    4|    5|    5| function |
        |grp_getClustersInTower_fu_2458  |getClustersInTower  |    9|    9|    6|    6| function |
        |grp_getClustersInTower_fu_2512  |getClustersInTower  |    9|    9|    6|    6| function |
        |grp_getClustersInTower_fu_2566  |getClustersInTower  |    9|    9|    6|    6| function |
        |grp_getClustersInTower_fu_2620  |getClustersInTower  |    9|    9|    6|    6| function |
        |grp_getClustersInTower_fu_2674  |getClustersInTower  |    9|    9|    6|    6| function |
        |grp_getClustersInTower_fu_2728  |getClustersInTower  |    9|    9|    6|    6| function |
        |grp_getClustersInTower_fu_2782  |getClustersInTower  |    9|    9|    6|    6| function |
        |grp_getClustersInTower_fu_2836  |getClustersInTower  |    9|    9|    6|    6| function |
        |grp_getClustersInTower_fu_2890  |getClustersInTower  |    9|    9|    6|    6| function |
        |grp_getClustersInTower_fu_2944  |getClustersInTower  |    9|    9|    6|    6| function |
        |grp_getClustersInTower_fu_2998  |getClustersInTower  |    9|    9|    6|    6| function |
        |grp_getClustersInTower_fu_3052  |getClustersInTower  |    9|    9|    6|    6| function |
        +--------------------------------+--------------------+-----+-----+-----+-----+----------+

        * Loop: 
        N/A



================================================================
== Utilization Estimates
================================================================
* Summary: 
+-----------------+---------+-------+--------+--------+
|       Name      | BRAM_18K| DSP48E|   FF   |   LUT  |
+-----------------+---------+-------+--------+--------+
|DSP              |        -|      -|       -|       -|
|Expression       |        -|      -|       0|    1836|
|FIFO             |        -|      -|       -|       -|
|Instance         |        -|      -|   16023|   14979|
|Memory           |        -|      -|       -|       -|
|Multiplexer      |        -|      -|       -|      15|
|Register         |        -|      -|    2326|       -|
+-----------------+---------+-------+--------+--------+
|Total            |        0|      0|   18349|   16830|
+-----------------+---------+-------+--------+--------+
|Available        |     2940|   3600|  866400|  433200|
+-----------------+---------+-------+--------+--------+
|Utilization (%)  |        0|      0|       2|       3|
+-----------------+---------+-------+--------+--------+

+ Detail: 
    * Instance: 
    +--------------------------------+--------------------+---------+-------+------+------+
    |            Instance            |       Module       | BRAM_18K| DSP48E|  FF  |  LUT |
    +--------------------------------+--------------------+---------+-------+------+------+
    |grp_bitonic_1_8_fu_2418         |bitonic_1_8         |        0|      0|  1251|  2979|
    |grp_getClustersInTower_fu_2458  |getClustersInTower  |        0|      0|  1231|  1000|
    |grp_getClustersInTower_fu_2512  |getClustersInTower  |        0|      0|  1231|  1000|
    |grp_getClustersInTower_fu_2566  |getClustersInTower  |        0|      0|  1231|  1000|
    |grp_getClustersInTower_fu_2620  |getClustersInTower  |        0|      0|  1231|  1000|
    |grp_getClustersInTower_fu_2674  |getClustersInTower  |        0|      0|  1231|  1000|
    |grp_getClustersInTower_fu_2728  |getClustersInTower  |        0|      0|  1231|  1000|
    |grp_getClustersInTower_fu_2782  |getClustersInTower  |        0|      0|  1231|  1000|
    |grp_getClustersInTower_fu_2836  |getClustersInTower  |        0|      0|  1231|  1000|
    |grp_getClustersInTower_fu_2890  |getClustersInTower  |        0|      0|  1231|  1000|
    |grp_getClustersInTower_fu_2944  |getClustersInTower  |        0|      0|  1231|  1000|
    |grp_getClustersInTower_fu_2998  |getClustersInTower  |        0|      0|  1231|  1000|
    |grp_getClustersInTower_fu_3052  |getClustersInTower  |        0|      0|  1231|  1000|
    +--------------------------------+--------------------+---------+-------+------+------+
    |Total                           |                    |        0|      0| 16023| 14979|
    +--------------------------------+--------------------+---------+-------+------+------+

    * DSP48: 
    N/A

    * Memory: 
    N/A

    * FIFO: 
    N/A

    * Expression: 
    +-----------------------------------+----------+-------+---+----+------------+------------+
    |           Variable Name           | Operation| DSP48E| FF| LUT| Bitwidth P0| Bitwidth P1|
    +-----------------------------------+----------+-------+---+----+------------+------------+
    |tmp_135_1_i_fu_3400_p2             |   icmp   |      0|  0|   6|          16|          16|
    |tmp_135_i_fu_3394_p2               |   icmp   |      0|  0|   6|          16|          16|
    |tmp_139_1_i_fu_3412_p2             |   icmp   |      0|  0|   6|          16|          16|
    |tmp_139_i_fu_3406_p2               |   icmp   |      0|  0|   6|          16|          16|
    |tmp_143_1_i_fu_3424_p2             |   icmp   |      0|  0|   6|          16|          16|
    |tmp_143_i_fu_3418_p2               |   icmp   |      0|  0|   6|          16|          16|
    |tmp_152_1_i_fu_3832_p2             |   icmp   |      0|  0|   6|          16|          16|
    |tmp_152_i_fu_3778_p2               |   icmp   |      0|  0|   6|          16|          16|
    |tmp_157_1_i_fu_3940_p2             |   icmp   |      0|  0|   6|          16|          16|
    |tmp_157_i_fu_3886_p2               |   icmp   |      0|  0|   6|          16|          16|
    |tmp_162_1_i_fu_4048_p2             |   icmp   |      0|  0|   6|          16|          16|
    |tmp_162_i_fu_3994_p2               |   icmp   |      0|  0|   6|          16|          16|
    |tmp_16_fu_3314_p2                  |   icmp   |      0|  0|   6|          16|          16|
    |tmp_29_1_fu_3330_p2                |   icmp   |      0|  0|   6|          16|          16|
    |tmp_29_2_fu_3362_p2                |   icmp   |      0|  0|   6|          16|          16|
    |tmp_34_1_fu_3346_p2                |   icmp   |      0|  0|   6|          16|          16|
    |tmp_34_2_fu_3378_p2                |   icmp   |      0|  0|   6|          16|          16|
    |tmp_s_fu_3298_p2                   |   icmp   |      0|  0|   6|          16|          16|
    |Cluster_1_Deposits2_s_fu_3846_p3   |  select  |      0|  0|  16|           1|          16|
    |Cluster_1_Deposits3_s_fu_3838_p3   |  select  |      0|  0|  16|           1|          16|
    |Cluster_1_Deposits4_s_fu_3900_p3   |  select  |      0|  0|  16|           1|          16|
    |Cluster_1_Deposits5_s_fu_3892_p3   |  select  |      0|  0|  16|           1|          16|
    |Cluster_1_Deposits6_s_fu_3954_p3   |  select  |      0|  0|  16|           1|          16|
    |Cluster_1_Deposits7_s_fu_3946_p3   |  select  |      0|  0|  16|           1|          16|
    |Cluster_1_Deposits8_s_fu_4008_p3   |  select  |      0|  0|  16|           1|          16|
    |Cluster_1_Deposits_0_fu_3308_p3    |  select  |      0|  0|  16|           1|          16|
    |Cluster_1_Deposits_1_1_fu_3382_p3  |  select  |      0|  0|  16|           1|          16|
    |Cluster_1_Deposits_1_2_fu_3388_p3  |  select  |      0|  0|  16|           1|          16|
    |Cluster_1_Deposits_1_fu_3302_p3    |  select  |      0|  0|  16|           1|          16|
    |Cluster_1_Deposits_2_fu_3324_p3    |  select  |      0|  0|  16|           1|          16|
    |Cluster_1_Deposits_3_fu_3318_p3    |  select  |      0|  0|  16|           1|          16|
    |Cluster_1_Deposits_4_fu_3340_p3    |  select  |      0|  0|  16|           1|          16|
    |Cluster_1_Deposits_5_fu_3334_p3    |  select  |      0|  0|  16|           1|          16|
    |Cluster_1_Deposits_6_fu_3356_p3    |  select  |      0|  0|  16|           1|          16|
    |Cluster_1_Deposits_7_fu_3350_p3    |  select  |      0|  0|  16|           1|          16|
    |Cluster_1_Deposits_8_fu_3372_p3    |  select  |      0|  0|  16|           1|          16|
    |Cluster_1_Deposits_9_fu_3366_p3    |  select  |      0|  0|  16|           1|          16|
    |Cluster_1_Deposits_fu_4062_p3      |  select  |      0|  0|  16|           1|          16|
    |Cluster_1_Eta17_0_Cl_fu_3862_p3    |  select  |      0|  0|  16|           1|          16|
    |Cluster_1_Eta18_0_Cl_fu_3854_p3    |  select  |      0|  0|  16|           1|          16|
    |Cluster_1_Eta19_0_Cl_fu_3916_p3    |  select  |      0|  0|  16|           1|          16|
    |Cluster_1_Eta2025_0_s_fu_3908_p3   |  select  |      0|  0|  16|           1|          16|
    |Cluster_1_Eta21_0_Cl_fu_3970_p3    |  select  |      0|  0|  16|           1|          16|
    |Cluster_1_Eta22_0_Cl_fu_3962_p3    |  select  |      0|  0|  16|           1|          16|
    |Cluster_1_Eta23_0_r_fu_4024_p3     |  select  |      0|  0|  16|           1|          16|
    |Cluster_1_Eta25_0_r_fu_4078_p3     |  select  |      0|  0|  16|           1|          16|
    |Cluster_1_Eta_0_rea_fu_3440_p3     |  select  |      0|  0|  16|           1|          16|
    |Cluster_1_Eta_10_re_fu_3540_p3     |  select  |      0|  0|  16|           1|          16|
    |Cluster_1_Eta_11_re_fu_3545_p3     |  select  |      0|  0|  16|           1|          16|
    |Cluster_1_Eta_1_rea_fu_3445_p3     |  select  |      0|  0|  16|           1|          16|
    |Cluster_1_Eta_2_rea_fu_3460_p3     |  select  |      0|  0|  16|           1|          16|
    |Cluster_1_Eta_3_rea_fu_3465_p3     |  select  |      0|  0|  16|           1|          16|
    |Cluster_1_Eta_4_rea_fu_3480_p3     |  select  |      0|  0|  16|           1|          16|
    |Cluster_1_Eta_5_rea_fu_3485_p3     |  select  |      0|  0|  16|           1|          16|
    |Cluster_1_Eta_6_rea_fu_3500_p3     |  select  |      0|  0|  16|           1|          16|
    |Cluster_1_Eta_7_rea_fu_3505_p3     |  select  |      0|  0|  16|           1|          16|
    |Cluster_1_Eta_8_rea_fu_3520_p3     |  select  |      0|  0|  16|           1|          16|
    |Cluster_1_Eta_9_rea_fu_3525_p3     |  select  |      0|  0|  16|           1|          16|
    |Cluster_1_Phi32_0_Cl_fu_3878_p3    |  select  |      0|  0|  16|           1|          16|
    |Cluster_1_Phi33_0_Cl_fu_3870_p3    |  select  |      0|  0|  16|           1|          16|
    |Cluster_1_Phi34_0_Cl_fu_3932_p3    |  select  |      0|  0|  16|           1|          16|
    |Cluster_1_Phi35_0_Cl_fu_3924_p3    |  select  |      0|  0|  16|           1|          16|
    |Cluster_1_Phi36_0_Cl_fu_3986_p3    |  select  |      0|  0|  16|           1|          16|
    |Cluster_1_Phi3744_0_s_fu_3978_p3   |  select  |      0|  0|  16|           1|          16|
    |Cluster_1_Phi38_0_r_fu_4040_p3     |  select  |      0|  0|  16|           1|          16|
    |Cluster_1_Phi40_0_r_fu_4094_p3     |  select  |      0|  0|  16|           1|          16|
    |Cluster_1_Phi_0_rea_fu_3435_p3     |  select  |      0|  0|  16|           1|          16|
    |Cluster_1_Phi_10_re_fu_3535_p3     |  select  |      0|  0|  16|           1|          16|
    |Cluster_1_Phi_11_re_fu_3530_p3     |  select  |      0|  0|  16|           1|          16|
    |Cluster_1_Phi_1_rea_fu_3430_p3     |  select  |      0|  0|  16|           1|          16|
    |Cluster_1_Phi_2_rea_fu_3455_p3     |  select  |      0|  0|  16|           1|          16|
    |Cluster_1_Phi_3_rea_fu_3450_p3     |  select  |      0|  0|  16|           1|          16|
    |Cluster_1_Phi_4_rea_fu_3475_p3     |  select  |      0|  0|  16|           1|          16|
    |Cluster_1_Phi_5_rea_fu_3470_p3     |  select  |      0|  0|  16|           1|          16|
    |Cluster_1_Phi_6_rea_fu_3495_p3     |  select  |      0|  0|  16|           1|          16|
    |Cluster_1_Phi_7_rea_fu_3490_p3     |  select  |      0|  0|  16|           1|          16|
    |Cluster_1_Phi_8_rea_fu_3515_p3     |  select  |      0|  0|  16|           1|          16|
    |Cluster_1_Phi_9_rea_fu_3510_p3     |  select  |      0|  0|  16|           1|          16|
    |p_read10_read8_i_fu_3702_p3        |  select  |      0|  0|  16|           1|          16|
    |p_read11_read9_Clust_fu_4000_p3    |  select  |      0|  0|  16|           1|          16|
    |p_read11_read9_i_fu_3740_p3        |  select  |      0|  0|  16|           1|          16|
    |p_read16_read_i_fu_3567_p3         |  select  |      0|  0|  16|           1|          16|
    |p_read17_read_i_fu_3605_p3         |  select  |      0|  0|  16|           1|          16|
    |p_read18_read16_rea_fu_3808_p3     |  select  |      0|  0|  16|           1|          16|
    |p_read18_read_i_fu_3560_p3         |  select  |      0|  0|  16|           1|          16|
    |p_read19_read17_rea_fu_3800_p3     |  select  |      0|  0|  16|           1|          16|
    |p_read19_read_i_fu_3598_p3         |  select  |      0|  0|  16|           1|          16|
    |p_read1_read3_i_fu_3593_p3         |  select  |      0|  0|  16|           1|          16|
    |p_read20_read_i_fu_3643_p3         |  select  |      0|  0|  16|           1|          16|
    |p_read21_read_i_fu_3681_p3         |  select  |      0|  0|  16|           1|          16|
    |p_read22_read_i_fu_3636_p3         |  select  |      0|  0|  16|           1|          16|
    |p_read23_read_i_fu_3674_p3         |  select  |      0|  0|  16|           1|          16|
    |p_read24_read_i_fu_3719_p3         |  select  |      0|  0|  16|           1|          16|
    |p_read25_read27_Clus_fu_4070_p3    |  select  |      0|  0|  16|           1|          16|
    |p_read25_read_i_fu_3757_p3         |  select  |      0|  0|  16|           1|          16|
    |p_read26_read_i_fu_3712_p3         |  select  |      0|  0|  16|           1|          16|
    |p_read27_read25_Clus_fu_4016_p3    |  select  |      0|  0|  16|           1|          16|
    |p_read27_read_i_fu_3750_p3         |  select  |      0|  0|  16|           1|          16|
    |p_read2_read_i_fu_3550_p3          |  select  |      0|  0|  16|           1|          16|
    |p_read2_read_read3_s_fu_3792_p3    |  select  |      0|  0|  16|           1|          16|
    |p_read32_read_i_fu_3581_p3         |  select  |      0|  0|  16|           1|          16|
    |p_read33_read_i_fu_3619_p3         |  select  |      0|  0|  16|           1|          16|
    |p_read34_read32_rea_fu_3824_p3     |  select  |      0|  0|  16|           1|          16|
    |p_read34_read_i_fu_3574_p3         |  select  |      0|  0|  16|           1|          16|
    |p_read35_read33_rea_fu_3816_p3     |  select  |      0|  0|  16|           1|          16|
    |p_read35_read_i_fu_3612_p3         |  select  |      0|  0|  16|           1|          16|
    |p_read36_read_i_fu_3657_p3         |  select  |      0|  0|  16|           1|          16|
    |p_read37_read_i_fu_3695_p3         |  select  |      0|  0|  16|           1|          16|
    |p_read38_read_i_fu_3650_p3         |  select  |      0|  0|  16|           1|          16|
    |p_read39_read_i_fu_3688_p3         |  select  |      0|  0|  16|           1|          16|
    |p_read3_read1_i_fu_3588_p3         |  select  |      0|  0|  16|           1|          16|
    |p_read3_read1_read2_fu_3784_p3     |  select  |      0|  0|  16|           1|          16|
    |p_read40_read_i_fu_3733_p3         |  select  |      0|  0|  16|           1|          16|
    |p_read41_read43_Clus_fu_4086_p3    |  select  |      0|  0|  16|           1|          16|
    |p_read41_read_i_fu_3771_p3         |  select  |      0|  0|  16|           1|          16|
    |p_read42_read_i_fu_3726_p3         |  select  |      0|  0|  16|           1|          16|
    |p_read43_read41_Clus_fu_4032_p3    |  select  |      0|  0|  16|           1|          16|
    |p_read43_read_i_fu_3764_p3         |  select  |      0|  0|  16|           1|          16|
    |p_read4_read6_i_fu_3631_p3         |  select  |      0|  0|  16|           1|          16|
    |p_read5_read7_i_fu_3669_p3         |  select  |      0|  0|  16|           1|          16|
    |p_read6_read4_i_fu_3626_p3         |  select  |      0|  0|  16|           1|          16|
    |p_read7_read5_i_fu_3664_p3         |  select  |      0|  0|  16|           1|          16|
    |p_read8_read_i_fu_3707_p3          |  select  |      0|  0|  16|           1|          16|
    |p_read9_read11_Clust_fu_4054_p3    |  select  |      0|  0|  16|           1|          16|
    |p_read9_read_i_fu_3745_p3          |  select  |      0|  0|  16|           1|          16|
    |p_read_read2_i_fu_3555_p3          |  select  |      0|  0|  16|           1|          16|
    +-----------------------------------+----------+-------+---+----+------------+------------+
    |Total                              |          |      0|  0|1836|         396|        2016|
    +-----------------------------------+----------+-------+---+----+------------+------------+

    * Multiplexer: 
    +-----------------------------------------+----+-----------+-----+-----------+
    |                   Name                  | LUT| Input Size| Bits| Total Bits|
    +-----------------------------------------+----+-----------+-----+-----------+
    |ap_NS_fsm                                |   1|          7|    1|          7|
    |ap_enable_reg_pp0_iter0                  |   1|          2|    1|          2|
    |ap_enable_reg_pp0_iter2                  |   1|          2|    1|          2|
    |grp_getClustersInTower_fu_2458_ap_start  |   1|          2|    1|          2|
    |grp_getClustersInTower_fu_2512_ap_start  |   1|          2|    1|          2|
    |grp_getClustersInTower_fu_2566_ap_start  |   1|          2|    1|          2|
    |grp_getClustersInTower_fu_2620_ap_start  |   1|          2|    1|          2|
    |grp_getClustersInTower_fu_2674_ap_start  |   1|          2|    1|          2|
    |grp_getClustersInTower_fu_2728_ap_start  |   1|          2|    1|          2|
    |grp_getClustersInTower_fu_2782_ap_start  |   1|          2|    1|          2|
    |grp_getClustersInTower_fu_2836_ap_start  |   1|          2|    1|          2|
    |grp_getClustersInTower_fu_2890_ap_start  |   1|          2|    1|          2|
    |grp_getClustersInTower_fu_2944_ap_start  |   1|          2|    1|          2|
    |grp_getClustersInTower_fu_2998_ap_start  |   1|          2|    1|          2|
    |grp_getClustersInTower_fu_3052_ap_start  |   1|          2|    1|          2|
    +-----------------------------------------+----+-----------+-----+-----------+
    |Total                                    |  15|         35|   15|         35|
    +-----------------------------------------+----+-----------+-----+-----------+

    * Register: 
    +-------------------------------------------------------+----+----+-----+-----------+
    |                          Name                         | FF | LUT| Bits| Const Bits|
    +-------------------------------------------------------+----+----+-----+-----------+
    |Cluster_1_Deposits2_s_reg_6171                         |  16|   0|   16|          0|
    |Cluster_1_Deposits3_s_reg_6166                         |  16|   0|   16|          0|
    |Cluster_1_Deposits4_s_reg_6201                         |  16|   0|   16|          0|
    |Cluster_1_Deposits5_s_reg_6196                         |  16|   0|   16|          0|
    |Cluster_1_Deposits6_s_reg_6231                         |  16|   0|   16|          0|
    |Cluster_1_Deposits7_s_reg_6226                         |  16|   0|   16|          0|
    |Cluster_1_Deposits8_s_reg_6261                         |  16|   0|   16|          0|
    |Cluster_1_Deposits_0_reg_5970                          |  16|   0|   16|          0|
    |Cluster_1_Deposits_1_1_reg_6064                        |  16|   0|   16|          0|
    |Cluster_1_Deposits_1_2_reg_6070                        |  16|   0|   16|          0|
    |Cluster_1_Deposits_1_reg_5964                          |  16|   0|   16|          0|
    |Cluster_1_Deposits_2_reg_5990                          |  16|   0|   16|          0|
    |Cluster_1_Deposits_3_reg_5984                          |  16|   0|   16|          0|
    |Cluster_1_Deposits_4_reg_6010                          |  16|   0|   16|          0|
    |Cluster_1_Deposits_5_reg_6004                          |  16|   0|   16|          0|
    |Cluster_1_Deposits_6_reg_6030                          |  16|   0|   16|          0|
    |Cluster_1_Deposits_7_reg_6024                          |  16|   0|   16|          0|
    |Cluster_1_Deposits_8_reg_6050                          |  16|   0|   16|          0|
    |Cluster_1_Deposits_9_reg_6044                          |  16|   0|   16|          0|
    |Cluster_1_Deposits_reg_6291                            |  16|   0|   16|          0|
    |Cluster_1_Eta17_0_Cl_reg_6181                          |  16|   0|   16|          0|
    |Cluster_1_Eta18_0_Cl_reg_6176                          |  16|   0|   16|          0|
    |Cluster_1_Eta19_0_Cl_reg_6211                          |  16|   0|   16|          0|
    |Cluster_1_Eta2025_0_s_reg_6206                         |  16|   0|   16|          0|
    |Cluster_1_Eta21_0_Cl_reg_6241                          |  16|   0|   16|          0|
    |Cluster_1_Eta22_0_Cl_reg_6236                          |  16|   0|   16|          0|
    |Cluster_1_Eta23_0_r_reg_6271                           |  16|   0|   16|          0|
    |Cluster_1_Eta25_0_r_reg_6301                           |  16|   0|   16|          0|
    |Cluster_1_Phi32_0_Cl_reg_6191                          |  16|   0|   16|          0|
    |Cluster_1_Phi33_0_Cl_reg_6186                          |  16|   0|   16|          0|
    |Cluster_1_Phi34_0_Cl_reg_6221                          |  16|   0|   16|          0|
    |Cluster_1_Phi35_0_Cl_reg_6216                          |  16|   0|   16|          0|
    |Cluster_1_Phi36_0_Cl_reg_6251                          |  16|   0|   16|          0|
    |Cluster_1_Phi3744_0_s_reg_6246                         |  16|   0|   16|          0|
    |Cluster_1_Phi38_0_r_reg_6281                           |  16|   0|   16|          0|
    |Cluster_1_Phi40_0_r_reg_6311                           |  16|   0|   16|          0|
    |ap_CS_fsm                                              |   6|   0|    6|          0|
    |ap_enable_reg_pp0_iter0_preg                           |   1|   0|    1|          0|
    |ap_enable_reg_pp0_iter1                                |   1|   0|    1|          0|
    |ap_enable_reg_pp0_iter2                                |   1|   0|    1|          0|
    |ap_pipeline_reg_pp0_iter2_clusterET2_0_3_reg_5678      |  16|   0|   16|          0|
    |ap_pipeline_reg_pp0_iter2_clusterET2_10_reg_5948       |  16|   0|   16|          0|
    |ap_pipeline_reg_pp0_iter2_clusterET2_11_1_reg_5921     |  16|   0|   16|          0|
    |ap_pipeline_reg_pp0_iter2_clusterET2_1_2_reg_5651      |  16|   0|   16|          0|
    |ap_pipeline_reg_pp0_iter2_clusterET2_2_3_reg_5732      |  16|   0|   16|          0|
    |ap_pipeline_reg_pp0_iter2_clusterET2_3_2_reg_5705      |  16|   0|   16|          0|
    |ap_pipeline_reg_pp0_iter2_clusterET2_4_3_reg_5786      |  16|   0|   16|          0|
    |ap_pipeline_reg_pp0_iter2_clusterET2_5_1_reg_5759      |  16|   0|   16|          0|
    |ap_pipeline_reg_pp0_iter2_clusterET2_6_reg_5840        |  16|   0|   16|          0|
    |ap_pipeline_reg_pp0_iter2_clusterET2_7_1_reg_5813      |  16|   0|   16|          0|
    |ap_pipeline_reg_pp0_iter2_clusterET2_8_reg_5894        |  16|   0|   16|          0|
    |ap_pipeline_reg_pp0_iter2_clusterET2_9_1_reg_5867      |  16|   0|   16|          0|
    |ap_pipeline_reg_pp0_iter2_peakEta2_0_3_reg_5659        |  16|   0|   16|          0|
    |ap_pipeline_reg_pp0_iter2_peakEta2_10_reg_5929         |  16|   0|   16|          0|
    |ap_pipeline_reg_pp0_iter2_peakEta2_11_1_reg_5902       |  16|   0|   16|          0|
    |ap_pipeline_reg_pp0_iter2_peakEta2_1_2_reg_5632        |  16|   0|   16|          0|
    |ap_pipeline_reg_pp0_iter2_peakEta2_2_3_reg_5713        |  16|   0|   16|          0|
    |ap_pipeline_reg_pp0_iter2_peakEta2_3_2_reg_5686        |  16|   0|   16|          0|
    |ap_pipeline_reg_pp0_iter2_peakEta2_4_3_reg_5767        |  16|   0|   16|          0|
    |ap_pipeline_reg_pp0_iter2_peakEta2_5_1_reg_5740        |  16|   0|   16|          0|
    |ap_pipeline_reg_pp0_iter2_peakEta2_6_reg_5821          |  16|   0|   16|          0|
    |ap_pipeline_reg_pp0_iter2_peakEta2_7_1_reg_5794        |  16|   0|   16|          0|
    |ap_pipeline_reg_pp0_iter2_peakEta2_8_reg_5875          |  16|   0|   16|          0|
    |ap_pipeline_reg_pp0_iter2_peakEta2_9_1_reg_5848        |  16|   0|   16|          0|
    |ap_pipeline_reg_pp0_iter2_peakPhi2_0_3_reg_5666        |  16|   0|   16|          0|
    |ap_pipeline_reg_pp0_iter2_peakPhi2_10_reg_5936         |  16|   0|   16|          0|
    |ap_pipeline_reg_pp0_iter2_peakPhi2_11_1_reg_5909       |  16|   0|   16|          0|
    |ap_pipeline_reg_pp0_iter2_peakPhi2_1_2_reg_5639        |  16|   0|   16|          0|
    |ap_pipeline_reg_pp0_iter2_peakPhi2_2_3_reg_5720        |  16|   0|   16|          0|
    |ap_pipeline_reg_pp0_iter2_peakPhi2_3_2_reg_5693        |  16|   0|   16|          0|
    |ap_pipeline_reg_pp0_iter2_peakPhi2_4_3_reg_5774        |  16|   0|   16|          0|
    |ap_pipeline_reg_pp0_iter2_peakPhi2_5_1_reg_5747        |  16|   0|   16|          0|
    |ap_pipeline_reg_pp0_iter2_peakPhi2_6_reg_5828          |  16|   0|   16|          0|
    |ap_pipeline_reg_pp0_iter2_peakPhi2_7_1_reg_5801        |  16|   0|   16|          0|
    |ap_pipeline_reg_pp0_iter2_peakPhi2_8_reg_5882          |  16|   0|   16|          0|
    |ap_pipeline_reg_pp0_iter2_peakPhi2_9_1_reg_5855        |  16|   0|   16|          0|
    |ap_pipeline_reg_pp0_iter2_towerET1_0_0_write_reg_5646  |  16|   0|   16|          0|
    |ap_pipeline_reg_pp0_iter2_towerET1_0_1_write_reg_5727  |  16|   0|   16|          0|
    |ap_pipeline_reg_pp0_iter2_towerET1_0_2_write_reg_5808  |  16|   0|   16|          0|
    |ap_pipeline_reg_pp0_iter2_towerET1_0_3_write_reg_5889  |  16|   0|   16|          0|
    |ap_pipeline_reg_pp0_iter2_towerET1_1_0_write_reg_5673  |  16|   0|   16|          0|
    |ap_pipeline_reg_pp0_iter2_towerET1_1_1_write_reg_5754  |  16|   0|   16|          0|
    |ap_pipeline_reg_pp0_iter2_towerET1_1_2_write_reg_5835  |  16|   0|   16|          0|
    |ap_pipeline_reg_pp0_iter2_towerET1_1_3_write_reg_5916  |  16|   0|   16|          0|
    |ap_pipeline_reg_pp0_iter2_towerET1_2_0_write_reg_5700  |  16|   0|   16|          0|
    |ap_pipeline_reg_pp0_iter2_towerET1_2_1_write_reg_5781  |  16|   0|   16|          0|
    |ap_pipeline_reg_pp0_iter2_towerET1_2_2_write_reg_5862  |  16|   0|   16|          0|
    |ap_pipeline_reg_pp0_iter2_towerET1_2_3_write_reg_5943  |  16|   0|   16|          0|
    |ap_reg_grp_bitonic_1_8_fu_2418_ap_start                |   1|   0|    1|          0|
    |clusterET2_0_3_reg_5678                                |  16|   0|   16|          0|
    |clusterET2_10_reg_5948                                 |  16|   0|   16|          0|
    |clusterET2_11_1_reg_5921                               |  16|   0|   16|          0|
    |clusterET2_1_2_reg_5651                                |  16|   0|   16|          0|
    |clusterET2_2_3_reg_5732                                |  16|   0|   16|          0|
    |clusterET2_3_2_reg_5705                                |  16|   0|   16|          0|
    |clusterET2_4_3_reg_5786                                |  16|   0|   16|          0|
    |clusterET2_5_1_reg_5759                                |  16|   0|   16|          0|
    |clusterET2_6_reg_5840                                  |  16|   0|   16|          0|
    |clusterET2_7_1_reg_5813                                |  16|   0|   16|          0|
    |clusterET2_8_reg_5894                                  |  16|   0|   16|          0|
    |clusterET2_9_1_reg_5867                                |  16|   0|   16|          0|
    |p_read11_read9_Clust_reg_6256                          |  16|   0|   16|          0|
    |p_read18_read16_rea_reg_6151                           |  16|   0|   16|          0|
    |p_read19_read17_rea_reg_6146                           |  16|   0|   16|          0|
    |p_read25_read27_Clus_reg_6296                          |  16|   0|   16|          0|
    |p_read27_read25_Clus_reg_6266                          |  16|   0|   16|          0|
    |p_read2_read_read3_s_reg_6141                          |  16|   0|   16|          0|
    |p_read34_read32_rea_reg_6161                           |  16|   0|   16|          0|
    |p_read35_read33_rea_reg_6156                           |  16|   0|   16|          0|
    |p_read3_read1_read2_reg_6136                           |  16|   0|   16|          0|
    |p_read41_read43_Clus_reg_6306                          |  16|   0|   16|          0|
    |p_read43_read41_Clus_reg_6276                          |  16|   0|   16|          0|
    |p_read9_read11_Clust_reg_6286                          |  16|   0|   16|          0|
    |peakEta2_0_3_reg_5659                                  |  16|   0|   16|          0|
    |peakEta2_10_reg_5929                                   |  16|   0|   16|          0|
    |peakEta2_11_1_reg_5902                                 |  16|   0|   16|          0|
    |peakEta2_1_2_reg_5632                                  |  16|   0|   16|          0|
    |peakEta2_2_3_reg_5713                                  |  16|   0|   16|          0|
    |peakEta2_3_2_reg_5686                                  |  16|   0|   16|          0|
    |peakEta2_4_3_reg_5767                                  |  16|   0|   16|          0|
    |peakEta2_5_1_reg_5740                                  |  16|   0|   16|          0|
    |peakEta2_6_reg_5821                                    |  16|   0|   16|          0|
    |peakEta2_7_1_reg_5794                                  |  16|   0|   16|          0|
    |peakEta2_8_reg_5875                                    |  16|   0|   16|          0|
    |peakEta2_9_1_reg_5848                                  |  16|   0|   16|          0|
    |peakPhi2_0_3_reg_5666                                  |  16|   0|   16|          0|
    |peakPhi2_10_reg_5936                                   |  16|   0|   16|          0|
    |peakPhi2_11_1_reg_5909                                 |  16|   0|   16|          0|
    |peakPhi2_1_2_reg_5639                                  |  16|   0|   16|          0|
    |peakPhi2_2_3_reg_5720                                  |  16|   0|   16|          0|
    |peakPhi2_3_2_reg_5693                                  |  16|   0|   16|          0|
    |peakPhi2_4_3_reg_5774                                  |  16|   0|   16|          0|
    |peakPhi2_5_1_reg_5747                                  |  16|   0|   16|          0|
    |peakPhi2_6_reg_5828                                    |  16|   0|   16|          0|
    |peakPhi2_7_1_reg_5801                                  |  16|   0|   16|          0|
    |peakPhi2_8_reg_5882                                    |  16|   0|   16|          0|
    |peakPhi2_9_1_reg_5855                                  |  16|   0|   16|          0|
    |tmp_135_1_i_reg_6086                                   |   1|   0|    1|          0|
    |tmp_135_i_reg_6076                                     |   1|   0|    1|          0|
    |tmp_139_1_i_reg_6106                                   |   1|   0|    1|          0|
    |tmp_139_i_reg_6096                                     |   1|   0|    1|          0|
    |tmp_143_1_i_reg_6126                                   |   1|   0|    1|          0|
    |tmp_143_i_reg_6116                                     |   1|   0|    1|          0|
    |tmp_16_reg_5976                                        |   1|   0|    1|          0|
    |tmp_29_1_reg_5996                                      |   1|   0|    1|          0|
    |tmp_29_2_reg_6036                                      |   1|   0|    1|          0|
    |tmp_34_1_reg_6016                                      |   1|   0|    1|          0|
    |tmp_34_2_reg_6056                                      |   1|   0|    1|          0|
    |tmp_s_reg_5956                                         |   1|   0|    1|          0|
    |towerET1_0_0_write_reg_5646                            |  16|   0|   16|          0|
    |towerET1_0_1_write_reg_5727                            |  16|   0|   16|          0|
    |towerET1_0_2_write_reg_5808                            |  16|   0|   16|          0|
    |towerET1_0_3_write_reg_5889                            |  16|   0|   16|          0|
    |towerET1_1_0_write_reg_5673                            |  16|   0|   16|          0|
    |towerET1_1_1_write_reg_5754                            |  16|   0|   16|          0|
    |towerET1_1_2_write_reg_5835                            |  16|   0|   16|          0|
    |towerET1_1_3_write_reg_5916                            |  16|   0|   16|          0|
    |towerET1_2_0_write_reg_5700                            |  16|   0|   16|          0|
    |towerET1_2_1_write_reg_5781                            |  16|   0|   16|          0|
    |towerET1_2_2_write_reg_5862                            |  16|   0|   16|          0|
    |towerET1_2_3_write_reg_5943                            |  16|   0|   16|          0|
    +-------------------------------------------------------+----+----+-----+-----------+
    |Total                                                  |2326|   0| 2326|          0|
    +-------------------------------------------------------+----+----+-----+-----------+



================================================================
== Interface
================================================================
* Summary: 
+-----------------------------+-----+-----+------------+-----------------------------+--------------+
|          RTL Ports          | Dir | Bits|  Protocol  |        Source Object        |    C Type    |
+-----------------------------+-----+-----+------------+-----------------------------+--------------+
|ap_clk                       |  in |    1| ap_ctrl_hs |     getClustersin3x4Regi    | return value |
|ap_rst                       |  in |    1| ap_ctrl_hs |     getClustersin3x4Regi    | return value |
|ap_start                     |  in |    1| ap_ctrl_hs |     getClustersin3x4Regi    | return value |
|ap_done                      | out |    1| ap_ctrl_hs |     getClustersin3x4Regi    | return value |
|ap_idle                      | out |    1| ap_ctrl_hs |     getClustersin3x4Regi    | return value |
|ap_ready                     | out |    1| ap_ctrl_hs |     getClustersin3x4Regi    | return value |
|ap_return_0                  | out |   16| ap_ctrl_hs |     getClustersin3x4Regi    | return value |
|ap_return_1                  | out |   16| ap_ctrl_hs |     getClustersin3x4Regi    | return value |
|ap_return_2                  | out |   16| ap_ctrl_hs |     getClustersin3x4Regi    | return value |
|ap_return_3                  | out |   16| ap_ctrl_hs |     getClustersin3x4Regi    | return value |
|ap_return_4                  | out |   16| ap_ctrl_hs |     getClustersin3x4Regi    | return value |
|ap_return_5                  | out |   16| ap_ctrl_hs |     getClustersin3x4Regi    | return value |
|ap_return_6                  | out |   16| ap_ctrl_hs |     getClustersin3x4Regi    | return value |
|ap_return_7                  | out |   16| ap_ctrl_hs |     getClustersin3x4Regi    | return value |
|ap_return_8                  | out |   16| ap_ctrl_hs |     getClustersin3x4Regi    | return value |
|ap_return_9                  | out |   16| ap_ctrl_hs |     getClustersin3x4Regi    | return value |
|ap_return_10                 | out |   16| ap_ctrl_hs |     getClustersin3x4Regi    | return value |
|ap_return_11                 | out |   16| ap_ctrl_hs |     getClustersin3x4Regi    | return value |
|ap_return_12                 | out |   16| ap_ctrl_hs |     getClustersin3x4Regi    | return value |
|ap_return_13                 | out |   16| ap_ctrl_hs |     getClustersin3x4Regi    | return value |
|ap_return_14                 | out |   16| ap_ctrl_hs |     getClustersin3x4Regi    | return value |
|ap_return_15                 | out |   16| ap_ctrl_hs |     getClustersin3x4Regi    | return value |
|ap_return_16                 | out |   16| ap_ctrl_hs |     getClustersin3x4Regi    | return value |
|ap_return_17                 | out |   16| ap_ctrl_hs |     getClustersin3x4Regi    | return value |
|ap_return_18                 | out |   16| ap_ctrl_hs |     getClustersin3x4Regi    | return value |
|ap_return_19                 | out |   16| ap_ctrl_hs |     getClustersin3x4Regi    | return value |
|ap_return_20                 | out |   16| ap_ctrl_hs |     getClustersin3x4Regi    | return value |
|ap_return_21                 | out |   16| ap_ctrl_hs |     getClustersin3x4Regi    | return value |
|ap_return_22                 | out |   16| ap_ctrl_hs |     getClustersin3x4Regi    | return value |
|ap_return_23                 | out |   16| ap_ctrl_hs |     getClustersin3x4Regi    | return value |
|ap_return_24                 | out |   16| ap_ctrl_hs |     getClustersin3x4Regi    | return value |
|ap_return_25                 | out |   16| ap_ctrl_hs |     getClustersin3x4Regi    | return value |
|ap_return_26                 | out |   16| ap_ctrl_hs |     getClustersin3x4Regi    | return value |
|ap_return_27                 | out |   16| ap_ctrl_hs |     getClustersin3x4Regi    | return value |
|ap_return_28                 | out |   16| ap_ctrl_hs |     getClustersin3x4Regi    | return value |
|ap_return_29                 | out |   16| ap_ctrl_hs |     getClustersin3x4Regi    | return value |
|ap_return_30                 | out |   16| ap_ctrl_hs |     getClustersin3x4Regi    | return value |
|ap_return_31                 | out |   16| ap_ctrl_hs |     getClustersin3x4Regi    | return value |
|ap_return_32                 | out |   16| ap_ctrl_hs |     getClustersin3x4Regi    | return value |
|ap_return_33                 | out |   16| ap_ctrl_hs |     getClustersin3x4Regi    | return value |
|ap_return_34                 | out |   16| ap_ctrl_hs |     getClustersin3x4Regi    | return value |
|ap_return_35                 | out |   16| ap_ctrl_hs |     getClustersin3x4Regi    | return value |
|ap_return_36                 | out |   16| ap_ctrl_hs |     getClustersin3x4Regi    | return value |
|ap_return_37                 | out |   16| ap_ctrl_hs |     getClustersin3x4Regi    | return value |
|ap_return_38                 | out |   16| ap_ctrl_hs |     getClustersin3x4Regi    | return value |
|ap_return_39                 | out |   16| ap_ctrl_hs |     getClustersin3x4Regi    | return value |
|ap_return_40                 | out |   16| ap_ctrl_hs |     getClustersin3x4Regi    | return value |
|ap_return_41                 | out |   16| ap_ctrl_hs |     getClustersin3x4Regi    | return value |
|ap_return_42                 | out |   16| ap_ctrl_hs |     getClustersin3x4Regi    | return value |
|ap_return_43                 | out |   16| ap_ctrl_hs |     getClustersin3x4Regi    | return value |
|ap_return_44                 | out |   16| ap_ctrl_hs |     getClustersin3x4Regi    | return value |
|ap_return_45                 | out |   16| ap_ctrl_hs |     getClustersin3x4Regi    | return value |
|ap_return_46                 | out |   16| ap_ctrl_hs |     getClustersin3x4Regi    | return value |
|ap_return_47                 | out |   16| ap_ctrl_hs |     getClustersin3x4Regi    | return value |
|ap_return_48                 | out |   16| ap_ctrl_hs |     getClustersin3x4Regi    | return value |
|ap_return_49                 | out |   16| ap_ctrl_hs |     getClustersin3x4Regi    | return value |
|ap_return_50                 | out |   16| ap_ctrl_hs |     getClustersin3x4Regi    | return value |
|ap_return_51                 | out |   16| ap_ctrl_hs |     getClustersin3x4Regi    | return value |
|ap_return_52                 | out |   16| ap_ctrl_hs |     getClustersin3x4Regi    | return value |
|ap_return_53                 | out |   16| ap_ctrl_hs |     getClustersin3x4Regi    | return value |
|ap_return_54                 | out |   16| ap_ctrl_hs |     getClustersin3x4Regi    | return value |
|ap_return_55                 | out |   16| ap_ctrl_hs |     getClustersin3x4Regi    | return value |
|ap_return_56                 | out |   16| ap_ctrl_hs |     getClustersin3x4Regi    | return value |
|ap_return_57                 | out |   16| ap_ctrl_hs |     getClustersin3x4Regi    | return value |
|ap_return_58                 | out |   16| ap_ctrl_hs |     getClustersin3x4Regi    | return value |
|ap_return_59                 | out |   16| ap_ctrl_hs |     getClustersin3x4Regi    | return value |
|ap_return_60                 | out |   16| ap_ctrl_hs |     getClustersin3x4Regi    | return value |
|ap_return_61                 | out |   16| ap_ctrl_hs |     getClustersin3x4Regi    | return value |
|ap_return_62                 | out |   16| ap_ctrl_hs |     getClustersin3x4Regi    | return value |
|crystals_tower_0_0_0_0_read  |  in |   16|   ap_none  | crystals_tower_0_0_0_0_read |    scalar    |
|crystals_tower_0_0_0_1_read  |  in |   16|   ap_none  | crystals_tower_0_0_0_1_read |    scalar    |
|crystals_tower_0_0_0_2_read  |  in |   16|   ap_none  | crystals_tower_0_0_0_2_read |    scalar    |
|crystals_tower_0_0_0_3_read  |  in |   16|   ap_none  | crystals_tower_0_0_0_3_read |    scalar    |
|crystals_tower_0_0_0_4_read  |  in |   16|   ap_none  | crystals_tower_0_0_0_4_read |    scalar    |
|crystals_tower_0_0_1_0_read  |  in |   16|   ap_none  | crystals_tower_0_0_1_0_read |    scalar    |
|crystals_tower_0_0_1_1_read  |  in |   16|   ap_none  | crystals_tower_0_0_1_1_read |    scalar    |
|crystals_tower_0_0_1_2_read  |  in |   16|   ap_none  | crystals_tower_0_0_1_2_read |    scalar    |
|crystals_tower_0_0_1_3_read  |  in |   16|   ap_none  | crystals_tower_0_0_1_3_read |    scalar    |
|crystals_tower_0_0_1_4_read  |  in |   16|   ap_none  | crystals_tower_0_0_1_4_read |    scalar    |
|crystals_tower_0_0_2_0_read  |  in |   16|   ap_none  | crystals_tower_0_0_2_0_read |    scalar    |
|crystals_tower_0_0_2_1_read  |  in |   16|   ap_none  | crystals_tower_0_0_2_1_read |    scalar    |
|crystals_tower_0_0_2_2_read  |  in |   16|   ap_none  | crystals_tower_0_0_2_2_read |    scalar    |
|crystals_tower_0_0_2_3_read  |  in |   16|   ap_none  | crystals_tower_0_0_2_3_read |    scalar    |
|crystals_tower_0_0_2_4_read  |  in |   16|   ap_none  | crystals_tower_0_0_2_4_read |    scalar    |
|crystals_tower_0_0_3_0_read  |  in |   16|   ap_none  | crystals_tower_0_0_3_0_read |    scalar    |
|crystals_tower_0_0_3_1_read  |  in |   16|   ap_none  | crystals_tower_0_0_3_1_read |    scalar    |
|crystals_tower_0_0_3_2_read  |  in |   16|   ap_none  | crystals_tower_0_0_3_2_read |    scalar    |
|crystals_tower_0_0_3_3_read  |  in |   16|   ap_none  | crystals_tower_0_0_3_3_read |    scalar    |
|crystals_tower_0_0_3_4_read  |  in |   16|   ap_none  | crystals_tower_0_0_3_4_read |    scalar    |
|crystals_tower_0_0_4_0_read  |  in |   16|   ap_none  | crystals_tower_0_0_4_0_read |    scalar    |
|crystals_tower_0_0_4_1_read  |  in |   16|   ap_none  | crystals_tower_0_0_4_1_read |    scalar    |
|crystals_tower_0_0_4_2_read  |  in |   16|   ap_none  | crystals_tower_0_0_4_2_read |    scalar    |
|crystals_tower_0_0_4_3_read  |  in |   16|   ap_none  | crystals_tower_0_0_4_3_read |    scalar    |
|crystals_tower_0_0_4_4_read  |  in |   16|   ap_none  | crystals_tower_0_0_4_4_read |    scalar    |
|crystals_tower_0_1_0_0_read  |  in |   16|   ap_none  | crystals_tower_0_1_0_0_read |    scalar    |
|crystals_tower_0_1_0_1_read  |  in |   16|   ap_none  | crystals_tower_0_1_0_1_read |    scalar    |
|crystals_tower_0_1_0_2_read  |  in |   16|   ap_none  | crystals_tower_0_1_0_2_read |    scalar    |
|crystals_tower_0_1_0_3_read  |  in |   16|   ap_none  | crystals_tower_0_1_0_3_read |    scalar    |
|crystals_tower_0_1_0_4_read  |  in |   16|   ap_none  | crystals_tower_0_1_0_4_read |    scalar    |
|crystals_tower_0_1_1_0_read  |  in |   16|   ap_none  | crystals_tower_0_1_1_0_read |    scalar    |
|crystals_tower_0_1_1_1_read  |  in |   16|   ap_none  | crystals_tower_0_1_1_1_read |    scalar    |
|crystals_tower_0_1_1_2_read  |  in |   16|   ap_none  | crystals_tower_0_1_1_2_read |    scalar    |
|crystals_tower_0_1_1_3_read  |  in |   16|   ap_none  | crystals_tower_0_1_1_3_read |    scalar    |
|crystals_tower_0_1_1_4_read  |  in |   16|   ap_none  | crystals_tower_0_1_1_4_read |    scalar    |
|crystals_tower_0_1_2_0_read  |  in |   16|   ap_none  | crystals_tower_0_1_2_0_read |    scalar    |
|crystals_tower_0_1_2_1_read  |  in |   16|   ap_none  | crystals_tower_0_1_2_1_read |    scalar    |
|crystals_tower_0_1_2_2_read  |  in |   16|   ap_none  | crystals_tower_0_1_2_2_read |    scalar    |
|crystals_tower_0_1_2_3_read  |  in |   16|   ap_none  | crystals_tower_0_1_2_3_read |    scalar    |
|crystals_tower_0_1_2_4_read  |  in |   16|   ap_none  | crystals_tower_0_1_2_4_read |    scalar    |
|crystals_tower_0_1_3_0_read  |  in |   16|   ap_none  | crystals_tower_0_1_3_0_read |    scalar    |
|crystals_tower_0_1_3_1_read  |  in |   16|   ap_none  | crystals_tower_0_1_3_1_read |    scalar    |
|crystals_tower_0_1_3_2_read  |  in |   16|   ap_none  | crystals_tower_0_1_3_2_read |    scalar    |
|crystals_tower_0_1_3_3_read  |  in |   16|   ap_none  | crystals_tower_0_1_3_3_read |    scalar    |
|crystals_tower_0_1_3_4_read  |  in |   16|   ap_none  | crystals_tower_0_1_3_4_read |    scalar    |
|crystals_tower_0_1_4_0_read  |  in |   16|   ap_none  | crystals_tower_0_1_4_0_read |    scalar    |
|crystals_tower_0_1_4_1_read  |  in |   16|   ap_none  | crystals_tower_0_1_4_1_read |    scalar    |
|crystals_tower_0_1_4_2_read  |  in |   16|   ap_none  | crystals_tower_0_1_4_2_read |    scalar    |
|crystals_tower_0_1_4_3_read  |  in |   16|   ap_none  | crystals_tower_0_1_4_3_read |    scalar    |
|crystals_tower_0_1_4_4_read  |  in |   16|   ap_none  | crystals_tower_0_1_4_4_read |    scalar    |
|crystals_tower_0_2_0_0_read  |  in |   16|   ap_none  | crystals_tower_0_2_0_0_read |    scalar    |
|crystals_tower_0_2_0_1_read  |  in |   16|   ap_none  | crystals_tower_0_2_0_1_read |    scalar    |
|crystals_tower_0_2_0_2_read  |  in |   16|   ap_none  | crystals_tower_0_2_0_2_read |    scalar    |
|crystals_tower_0_2_0_3_read  |  in |   16|   ap_none  | crystals_tower_0_2_0_3_read |    scalar    |
|crystals_tower_0_2_0_4_read  |  in |   16|   ap_none  | crystals_tower_0_2_0_4_read |    scalar    |
|crystals_tower_0_2_1_0_read  |  in |   16|   ap_none  | crystals_tower_0_2_1_0_read |    scalar    |
|crystals_tower_0_2_1_1_read  |  in |   16|   ap_none  | crystals_tower_0_2_1_1_read |    scalar    |
|crystals_tower_0_2_1_2_read  |  in |   16|   ap_none  | crystals_tower_0_2_1_2_read |    scalar    |
|crystals_tower_0_2_1_3_read  |  in |   16|   ap_none  | crystals_tower_0_2_1_3_read |    scalar    |
|crystals_tower_0_2_1_4_read  |  in |   16|   ap_none  | crystals_tower_0_2_1_4_read |    scalar    |
|crystals_tower_0_2_2_0_read  |  in |   16|   ap_none  | crystals_tower_0_2_2_0_read |    scalar    |
|crystals_tower_0_2_2_1_read  |  in |   16|   ap_none  | crystals_tower_0_2_2_1_read |    scalar    |
|crystals_tower_0_2_2_2_read  |  in |   16|   ap_none  | crystals_tower_0_2_2_2_read |    scalar    |
|crystals_tower_0_2_2_3_read  |  in |   16|   ap_none  | crystals_tower_0_2_2_3_read |    scalar    |
|crystals_tower_0_2_2_4_read  |  in |   16|   ap_none  | crystals_tower_0_2_2_4_read |    scalar    |
|crystals_tower_0_2_3_0_read  |  in |   16|   ap_none  | crystals_tower_0_2_3_0_read |    scalar    |
|crystals_tower_0_2_3_1_read  |  in |   16|   ap_none  | crystals_tower_0_2_3_1_read |    scalar    |
|crystals_tower_0_2_3_2_read  |  in |   16|   ap_none  | crystals_tower_0_2_3_2_read |    scalar    |
|crystals_tower_0_2_3_3_read  |  in |   16|   ap_none  | crystals_tower_0_2_3_3_read |    scalar    |
|crystals_tower_0_2_3_4_read  |  in |   16|   ap_none  | crystals_tower_0_2_3_4_read |    scalar    |
|crystals_tower_0_2_4_0_read  |  in |   16|   ap_none  | crystals_tower_0_2_4_0_read |    scalar    |
|crystals_tower_0_2_4_1_read  |  in |   16|   ap_none  | crystals_tower_0_2_4_1_read |    scalar    |
|crystals_tower_0_2_4_2_read  |  in |   16|   ap_none  | crystals_tower_0_2_4_2_read |    scalar    |
|crystals_tower_0_2_4_3_read  |  in |   16|   ap_none  | crystals_tower_0_2_4_3_read |    scalar    |
|crystals_tower_0_2_4_4_read  |  in |   16|   ap_none  | crystals_tower_0_2_4_4_read |    scalar    |
|crystals_tower_0_3_0_0_read  |  in |   16|   ap_none  | crystals_tower_0_3_0_0_read |    scalar    |
|crystals_tower_0_3_0_1_read  |  in |   16|   ap_none  | crystals_tower_0_3_0_1_read |    scalar    |
|crystals_tower_0_3_0_2_read  |  in |   16|   ap_none  | crystals_tower_0_3_0_2_read |    scalar    |
|crystals_tower_0_3_0_3_read  |  in |   16|   ap_none  | crystals_tower_0_3_0_3_read |    scalar    |
|crystals_tower_0_3_0_4_read  |  in |   16|   ap_none  | crystals_tower_0_3_0_4_read |    scalar    |
|crystals_tower_0_3_1_0_read  |  in |   16|   ap_none  | crystals_tower_0_3_1_0_read |    scalar    |
|crystals_tower_0_3_1_1_read  |  in |   16|   ap_none  | crystals_tower_0_3_1_1_read |    scalar    |
|crystals_tower_0_3_1_2_read  |  in |   16|   ap_none  | crystals_tower_0_3_1_2_read |    scalar    |
|crystals_tower_0_3_1_3_read  |  in |   16|   ap_none  | crystals_tower_0_3_1_3_read |    scalar    |
|crystals_tower_0_3_1_4_read  |  in |   16|   ap_none  | crystals_tower_0_3_1_4_read |    scalar    |
|crystals_tower_0_3_2_0_read  |  in |   16|   ap_none  | crystals_tower_0_3_2_0_read |    scalar    |
|crystals_tower_0_3_2_1_read  |  in |   16|   ap_none  | crystals_tower_0_3_2_1_read |    scalar    |
|crystals_tower_0_3_2_2_read  |  in |   16|   ap_none  | crystals_tower_0_3_2_2_read |    scalar    |
|crystals_tower_0_3_2_3_read  |  in |   16|   ap_none  | crystals_tower_0_3_2_3_read |    scalar    |
|crystals_tower_0_3_2_4_read  |  in |   16|   ap_none  | crystals_tower_0_3_2_4_read |    scalar    |
|crystals_tower_0_3_3_0_read  |  in |   16|   ap_none  | crystals_tower_0_3_3_0_read |    scalar    |
|crystals_tower_0_3_3_1_read  |  in |   16|   ap_none  | crystals_tower_0_3_3_1_read |    scalar    |
|crystals_tower_0_3_3_2_read  |  in |   16|   ap_none  | crystals_tower_0_3_3_2_read |    scalar    |
|crystals_tower_0_3_3_3_read  |  in |   16|   ap_none  | crystals_tower_0_3_3_3_read |    scalar    |
|crystals_tower_0_3_3_4_read  |  in |   16|   ap_none  | crystals_tower_0_3_3_4_read |    scalar    |
|crystals_tower_0_3_4_0_read  |  in |   16|   ap_none  | crystals_tower_0_3_4_0_read |    scalar    |
|crystals_tower_0_3_4_1_read  |  in |   16|   ap_none  | crystals_tower_0_3_4_1_read |    scalar    |
|crystals_tower_0_3_4_2_read  |  in |   16|   ap_none  | crystals_tower_0_3_4_2_read |    scalar    |
|crystals_tower_0_3_4_3_read  |  in |   16|   ap_none  | crystals_tower_0_3_4_3_read |    scalar    |
|crystals_tower_0_3_4_4_read  |  in |   16|   ap_none  | crystals_tower_0_3_4_4_read |    scalar    |
|crystals_tower_1_0_0_0_read  |  in |   16|   ap_none  | crystals_tower_1_0_0_0_read |    scalar    |
|crystals_tower_1_0_0_1_read  |  in |   16|   ap_none  | crystals_tower_1_0_0_1_read |    scalar    |
|crystals_tower_1_0_0_2_read  |  in |   16|   ap_none  | crystals_tower_1_0_0_2_read |    scalar    |
|crystals_tower_1_0_0_3_read  |  in |   16|   ap_none  | crystals_tower_1_0_0_3_read |    scalar    |
|crystals_tower_1_0_0_4_read  |  in |   16|   ap_none  | crystals_tower_1_0_0_4_read |    scalar    |
|crystals_tower_1_0_1_0_read  |  in |   16|   ap_none  | crystals_tower_1_0_1_0_read |    scalar    |
|crystals_tower_1_0_1_1_read  |  in |   16|   ap_none  | crystals_tower_1_0_1_1_read |    scalar    |
|crystals_tower_1_0_1_2_read  |  in |   16|   ap_none  | crystals_tower_1_0_1_2_read |    scalar    |
|crystals_tower_1_0_1_3_read  |  in |   16|   ap_none  | crystals_tower_1_0_1_3_read |    scalar    |
|crystals_tower_1_0_1_4_read  |  in |   16|   ap_none  | crystals_tower_1_0_1_4_read |    scalar    |
|crystals_tower_1_0_2_0_read  |  in |   16|   ap_none  | crystals_tower_1_0_2_0_read |    scalar    |
|crystals_tower_1_0_2_1_read  |  in |   16|   ap_none  | crystals_tower_1_0_2_1_read |    scalar    |
|crystals_tower_1_0_2_2_read  |  in |   16|   ap_none  | crystals_tower_1_0_2_2_read |    scalar    |
|crystals_tower_1_0_2_3_read  |  in |   16|   ap_none  | crystals_tower_1_0_2_3_read |    scalar    |
|crystals_tower_1_0_2_4_read  |  in |   16|   ap_none  | crystals_tower_1_0_2_4_read |    scalar    |
|crystals_tower_1_0_3_0_read  |  in |   16|   ap_none  | crystals_tower_1_0_3_0_read |    scalar    |
|crystals_tower_1_0_3_1_read  |  in |   16|   ap_none  | crystals_tower_1_0_3_1_read |    scalar    |
|crystals_tower_1_0_3_2_read  |  in |   16|   ap_none  | crystals_tower_1_0_3_2_read |    scalar    |
|crystals_tower_1_0_3_3_read  |  in |   16|   ap_none  | crystals_tower_1_0_3_3_read |    scalar    |
|crystals_tower_1_0_3_4_read  |  in |   16|   ap_none  | crystals_tower_1_0_3_4_read |    scalar    |
|crystals_tower_1_0_4_0_read  |  in |   16|   ap_none  | crystals_tower_1_0_4_0_read |    scalar    |
|crystals_tower_1_0_4_1_read  |  in |   16|   ap_none  | crystals_tower_1_0_4_1_read |    scalar    |
|crystals_tower_1_0_4_2_read  |  in |   16|   ap_none  | crystals_tower_1_0_4_2_read |    scalar    |
|crystals_tower_1_0_4_3_read  |  in |   16|   ap_none  | crystals_tower_1_0_4_3_read |    scalar    |
|crystals_tower_1_0_4_4_read  |  in |   16|   ap_none  | crystals_tower_1_0_4_4_read |    scalar    |
|crystals_tower_1_1_0_0_read  |  in |   16|   ap_none  | crystals_tower_1_1_0_0_read |    scalar    |
|crystals_tower_1_1_0_1_read  |  in |   16|   ap_none  | crystals_tower_1_1_0_1_read |    scalar    |
|crystals_tower_1_1_0_2_read  |  in |   16|   ap_none  | crystals_tower_1_1_0_2_read |    scalar    |
|crystals_tower_1_1_0_3_read  |  in |   16|   ap_none  | crystals_tower_1_1_0_3_read |    scalar    |
|crystals_tower_1_1_0_4_read  |  in |   16|   ap_none  | crystals_tower_1_1_0_4_read |    scalar    |
|crystals_tower_1_1_1_0_read  |  in |   16|   ap_none  | crystals_tower_1_1_1_0_read |    scalar    |
|crystals_tower_1_1_1_1_read  |  in |   16|   ap_none  | crystals_tower_1_1_1_1_read |    scalar    |
|crystals_tower_1_1_1_2_read  |  in |   16|   ap_none  | crystals_tower_1_1_1_2_read |    scalar    |
|crystals_tower_1_1_1_3_read  |  in |   16|   ap_none  | crystals_tower_1_1_1_3_read |    scalar    |
|crystals_tower_1_1_1_4_read  |  in |   16|   ap_none  | crystals_tower_1_1_1_4_read |    scalar    |
|crystals_tower_1_1_2_0_read  |  in |   16|   ap_none  | crystals_tower_1_1_2_0_read |    scalar    |
|crystals_tower_1_1_2_1_read  |  in |   16|   ap_none  | crystals_tower_1_1_2_1_read |    scalar    |
|crystals_tower_1_1_2_2_read  |  in |   16|   ap_none  | crystals_tower_1_1_2_2_read |    scalar    |
|crystals_tower_1_1_2_3_read  |  in |   16|   ap_none  | crystals_tower_1_1_2_3_read |    scalar    |
|crystals_tower_1_1_2_4_read  |  in |   16|   ap_none  | crystals_tower_1_1_2_4_read |    scalar    |
|crystals_tower_1_1_3_0_read  |  in |   16|   ap_none  | crystals_tower_1_1_3_0_read |    scalar    |
|crystals_tower_1_1_3_1_read  |  in |   16|   ap_none  | crystals_tower_1_1_3_1_read |    scalar    |
|crystals_tower_1_1_3_2_read  |  in |   16|   ap_none  | crystals_tower_1_1_3_2_read |    scalar    |
|crystals_tower_1_1_3_3_read  |  in |   16|   ap_none  | crystals_tower_1_1_3_3_read |    scalar    |
|crystals_tower_1_1_3_4_read  |  in |   16|   ap_none  | crystals_tower_1_1_3_4_read |    scalar    |
|crystals_tower_1_1_4_0_read  |  in |   16|   ap_none  | crystals_tower_1_1_4_0_read |    scalar    |
|crystals_tower_1_1_4_1_read  |  in |   16|   ap_none  | crystals_tower_1_1_4_1_read |    scalar    |
|crystals_tower_1_1_4_2_read  |  in |   16|   ap_none  | crystals_tower_1_1_4_2_read |    scalar    |
|crystals_tower_1_1_4_3_read  |  in |   16|   ap_none  | crystals_tower_1_1_4_3_read |    scalar    |
|crystals_tower_1_1_4_4_read  |  in |   16|   ap_none  | crystals_tower_1_1_4_4_read |    scalar    |
|crystals_tower_1_2_0_0_read  |  in |   16|   ap_none  | crystals_tower_1_2_0_0_read |    scalar    |
|crystals_tower_1_2_0_1_read  |  in |   16|   ap_none  | crystals_tower_1_2_0_1_read |    scalar    |
|crystals_tower_1_2_0_2_read  |  in |   16|   ap_none  | crystals_tower_1_2_0_2_read |    scalar    |
|crystals_tower_1_2_0_3_read  |  in |   16|   ap_none  | crystals_tower_1_2_0_3_read |    scalar    |
|crystals_tower_1_2_0_4_read  |  in |   16|   ap_none  | crystals_tower_1_2_0_4_read |    scalar    |
|crystals_tower_1_2_1_0_read  |  in |   16|   ap_none  | crystals_tower_1_2_1_0_read |    scalar    |
|crystals_tower_1_2_1_1_read  |  in |   16|   ap_none  | crystals_tower_1_2_1_1_read |    scalar    |
|crystals_tower_1_2_1_2_read  |  in |   16|   ap_none  | crystals_tower_1_2_1_2_read |    scalar    |
|crystals_tower_1_2_1_3_read  |  in |   16|   ap_none  | crystals_tower_1_2_1_3_read |    scalar    |
|crystals_tower_1_2_1_4_read  |  in |   16|   ap_none  | crystals_tower_1_2_1_4_read |    scalar    |
|crystals_tower_1_2_2_0_read  |  in |   16|   ap_none  | crystals_tower_1_2_2_0_read |    scalar    |
|crystals_tower_1_2_2_1_read  |  in |   16|   ap_none  | crystals_tower_1_2_2_1_read |    scalar    |
|crystals_tower_1_2_2_2_read  |  in |   16|   ap_none  | crystals_tower_1_2_2_2_read |    scalar    |
|crystals_tower_1_2_2_3_read  |  in |   16|   ap_none  | crystals_tower_1_2_2_3_read |    scalar    |
|crystals_tower_1_2_2_4_read  |  in |   16|   ap_none  | crystals_tower_1_2_2_4_read |    scalar    |
|crystals_tower_1_2_3_0_read  |  in |   16|   ap_none  | crystals_tower_1_2_3_0_read |    scalar    |
|crystals_tower_1_2_3_1_read  |  in |   16|   ap_none  | crystals_tower_1_2_3_1_read |    scalar    |
|crystals_tower_1_2_3_2_read  |  in |   16|   ap_none  | crystals_tower_1_2_3_2_read |    scalar    |
|crystals_tower_1_2_3_3_read  |  in |   16|   ap_none  | crystals_tower_1_2_3_3_read |    scalar    |
|crystals_tower_1_2_3_4_read  |  in |   16|   ap_none  | crystals_tower_1_2_3_4_read |    scalar    |
|crystals_tower_1_2_4_0_read  |  in |   16|   ap_none  | crystals_tower_1_2_4_0_read |    scalar    |
|crystals_tower_1_2_4_1_read  |  in |   16|   ap_none  | crystals_tower_1_2_4_1_read |    scalar    |
|crystals_tower_1_2_4_2_read  |  in |   16|   ap_none  | crystals_tower_1_2_4_2_read |    scalar    |
|crystals_tower_1_2_4_3_read  |  in |   16|   ap_none  | crystals_tower_1_2_4_3_read |    scalar    |
|crystals_tower_1_2_4_4_read  |  in |   16|   ap_none  | crystals_tower_1_2_4_4_read |    scalar    |
|crystals_tower_1_3_0_0_read  |  in |   16|   ap_none  | crystals_tower_1_3_0_0_read |    scalar    |
|crystals_tower_1_3_0_1_read  |  in |   16|   ap_none  | crystals_tower_1_3_0_1_read |    scalar    |
|crystals_tower_1_3_0_2_read  |  in |   16|   ap_none  | crystals_tower_1_3_0_2_read |    scalar    |
|crystals_tower_1_3_0_3_read  |  in |   16|   ap_none  | crystals_tower_1_3_0_3_read |    scalar    |
|crystals_tower_1_3_0_4_read  |  in |   16|   ap_none  | crystals_tower_1_3_0_4_read |    scalar    |
|crystals_tower_1_3_1_0_read  |  in |   16|   ap_none  | crystals_tower_1_3_1_0_read |    scalar    |
|crystals_tower_1_3_1_1_read  |  in |   16|   ap_none  | crystals_tower_1_3_1_1_read |    scalar    |
|crystals_tower_1_3_1_2_read  |  in |   16|   ap_none  | crystals_tower_1_3_1_2_read |    scalar    |
|crystals_tower_1_3_1_3_read  |  in |   16|   ap_none  | crystals_tower_1_3_1_3_read |    scalar    |
|crystals_tower_1_3_1_4_read  |  in |   16|   ap_none  | crystals_tower_1_3_1_4_read |    scalar    |
|crystals_tower_1_3_2_0_read  |  in |   16|   ap_none  | crystals_tower_1_3_2_0_read |    scalar    |
|crystals_tower_1_3_2_1_read  |  in |   16|   ap_none  | crystals_tower_1_3_2_1_read |    scalar    |
|crystals_tower_1_3_2_2_read  |  in |   16|   ap_none  | crystals_tower_1_3_2_2_read |    scalar    |
|crystals_tower_1_3_2_3_read  |  in |   16|   ap_none  | crystals_tower_1_3_2_3_read |    scalar    |
|crystals_tower_1_3_2_4_read  |  in |   16|   ap_none  | crystals_tower_1_3_2_4_read |    scalar    |
|crystals_tower_1_3_3_0_read  |  in |   16|   ap_none  | crystals_tower_1_3_3_0_read |    scalar    |
|crystals_tower_1_3_3_1_read  |  in |   16|   ap_none  | crystals_tower_1_3_3_1_read |    scalar    |
|crystals_tower_1_3_3_2_read  |  in |   16|   ap_none  | crystals_tower_1_3_3_2_read |    scalar    |
|crystals_tower_1_3_3_3_read  |  in |   16|   ap_none  | crystals_tower_1_3_3_3_read |    scalar    |
|crystals_tower_1_3_3_4_read  |  in |   16|   ap_none  | crystals_tower_1_3_3_4_read |    scalar    |
|crystals_tower_1_3_4_0_read  |  in |   16|   ap_none  | crystals_tower_1_3_4_0_read |    scalar    |
|crystals_tower_1_3_4_1_read  |  in |   16|   ap_none  | crystals_tower_1_3_4_1_read |    scalar    |
|crystals_tower_1_3_4_2_read  |  in |   16|   ap_none  | crystals_tower_1_3_4_2_read |    scalar    |
|crystals_tower_1_3_4_3_read  |  in |   16|   ap_none  | crystals_tower_1_3_4_3_read |    scalar    |
|crystals_tower_1_3_4_4_read  |  in |   16|   ap_none  | crystals_tower_1_3_4_4_read |    scalar    |
|crystals_tower_2_0_0_0_read  |  in |   16|   ap_none  | crystals_tower_2_0_0_0_read |    scalar    |
|crystals_tower_2_0_0_1_read  |  in |   16|   ap_none  | crystals_tower_2_0_0_1_read |    scalar    |
|crystals_tower_2_0_0_2_read  |  in |   16|   ap_none  | crystals_tower_2_0_0_2_read |    scalar    |
|crystals_tower_2_0_0_3_read  |  in |   16|   ap_none  | crystals_tower_2_0_0_3_read |    scalar    |
|crystals_tower_2_0_0_4_read  |  in |   16|   ap_none  | crystals_tower_2_0_0_4_read |    scalar    |
|crystals_tower_2_0_1_0_read  |  in |   16|   ap_none  | crystals_tower_2_0_1_0_read |    scalar    |
|crystals_tower_2_0_1_1_read  |  in |   16|   ap_none  | crystals_tower_2_0_1_1_read |    scalar    |
|crystals_tower_2_0_1_2_read  |  in |   16|   ap_none  | crystals_tower_2_0_1_2_read |    scalar    |
|crystals_tower_2_0_1_3_read  |  in |   16|   ap_none  | crystals_tower_2_0_1_3_read |    scalar    |
|crystals_tower_2_0_1_4_read  |  in |   16|   ap_none  | crystals_tower_2_0_1_4_read |    scalar    |
|crystals_tower_2_0_2_0_read  |  in |   16|   ap_none  | crystals_tower_2_0_2_0_read |    scalar    |
|crystals_tower_2_0_2_1_read  |  in |   16|   ap_none  | crystals_tower_2_0_2_1_read |    scalar    |
|crystals_tower_2_0_2_2_read  |  in |   16|   ap_none  | crystals_tower_2_0_2_2_read |    scalar    |
|crystals_tower_2_0_2_3_read  |  in |   16|   ap_none  | crystals_tower_2_0_2_3_read |    scalar    |
|crystals_tower_2_0_2_4_read  |  in |   16|   ap_none  | crystals_tower_2_0_2_4_read |    scalar    |
|crystals_tower_2_0_3_0_read  |  in |   16|   ap_none  | crystals_tower_2_0_3_0_read |    scalar    |
|crystals_tower_2_0_3_1_read  |  in |   16|   ap_none  | crystals_tower_2_0_3_1_read |    scalar    |
|crystals_tower_2_0_3_2_read  |  in |   16|   ap_none  | crystals_tower_2_0_3_2_read |    scalar    |
|crystals_tower_2_0_3_3_read  |  in |   16|   ap_none  | crystals_tower_2_0_3_3_read |    scalar    |
|crystals_tower_2_0_3_4_read  |  in |   16|   ap_none  | crystals_tower_2_0_3_4_read |    scalar    |
|crystals_tower_2_0_4_0_read  |  in |   16|   ap_none  | crystals_tower_2_0_4_0_read |    scalar    |
|crystals_tower_2_0_4_1_read  |  in |   16|   ap_none  | crystals_tower_2_0_4_1_read |    scalar    |
|crystals_tower_2_0_4_2_read  |  in |   16|   ap_none  | crystals_tower_2_0_4_2_read |    scalar    |
|crystals_tower_2_0_4_3_read  |  in |   16|   ap_none  | crystals_tower_2_0_4_3_read |    scalar    |
|crystals_tower_2_0_4_4_read  |  in |   16|   ap_none  | crystals_tower_2_0_4_4_read |    scalar    |
|crystals_tower_2_1_0_0_read  |  in |   16|   ap_none  | crystals_tower_2_1_0_0_read |    scalar    |
|crystals_tower_2_1_0_1_read  |  in |   16|   ap_none  | crystals_tower_2_1_0_1_read |    scalar    |
|crystals_tower_2_1_0_2_read  |  in |   16|   ap_none  | crystals_tower_2_1_0_2_read |    scalar    |
|crystals_tower_2_1_0_3_read  |  in |   16|   ap_none  | crystals_tower_2_1_0_3_read |    scalar    |
|crystals_tower_2_1_0_4_read  |  in |   16|   ap_none  | crystals_tower_2_1_0_4_read |    scalar    |
|crystals_tower_2_1_1_0_read  |  in |   16|   ap_none  | crystals_tower_2_1_1_0_read |    scalar    |
|crystals_tower_2_1_1_1_read  |  in |   16|   ap_none  | crystals_tower_2_1_1_1_read |    scalar    |
|crystals_tower_2_1_1_2_read  |  in |   16|   ap_none  | crystals_tower_2_1_1_2_read |    scalar    |
|crystals_tower_2_1_1_3_read  |  in |   16|   ap_none  | crystals_tower_2_1_1_3_read |    scalar    |
|crystals_tower_2_1_1_4_read  |  in |   16|   ap_none  | crystals_tower_2_1_1_4_read |    scalar    |
|crystals_tower_2_1_2_0_read  |  in |   16|   ap_none  | crystals_tower_2_1_2_0_read |    scalar    |
|crystals_tower_2_1_2_1_read  |  in |   16|   ap_none  | crystals_tower_2_1_2_1_read |    scalar    |
|crystals_tower_2_1_2_2_read  |  in |   16|   ap_none  | crystals_tower_2_1_2_2_read |    scalar    |
|crystals_tower_2_1_2_3_read  |  in |   16|   ap_none  | crystals_tower_2_1_2_3_read |    scalar    |
|crystals_tower_2_1_2_4_read  |  in |   16|   ap_none  | crystals_tower_2_1_2_4_read |    scalar    |
|crystals_tower_2_1_3_0_read  |  in |   16|   ap_none  | crystals_tower_2_1_3_0_read |    scalar    |
|crystals_tower_2_1_3_1_read  |  in |   16|   ap_none  | crystals_tower_2_1_3_1_read |    scalar    |
|crystals_tower_2_1_3_2_read  |  in |   16|   ap_none  | crystals_tower_2_1_3_2_read |    scalar    |
|crystals_tower_2_1_3_3_read  |  in |   16|   ap_none  | crystals_tower_2_1_3_3_read |    scalar    |
|crystals_tower_2_1_3_4_read  |  in |   16|   ap_none  | crystals_tower_2_1_3_4_read |    scalar    |
|crystals_tower_2_1_4_0_read  |  in |   16|   ap_none  | crystals_tower_2_1_4_0_read |    scalar    |
|crystals_tower_2_1_4_1_read  |  in |   16|   ap_none  | crystals_tower_2_1_4_1_read |    scalar    |
|crystals_tower_2_1_4_2_read  |  in |   16|   ap_none  | crystals_tower_2_1_4_2_read |    scalar    |
|crystals_tower_2_1_4_3_read  |  in |   16|   ap_none  | crystals_tower_2_1_4_3_read |    scalar    |
|crystals_tower_2_1_4_4_read  |  in |   16|   ap_none  | crystals_tower_2_1_4_4_read |    scalar    |
|crystals_tower_2_2_0_0_read  |  in |   16|   ap_none  | crystals_tower_2_2_0_0_read |    scalar    |
|crystals_tower_2_2_0_1_read  |  in |   16|   ap_none  | crystals_tower_2_2_0_1_read |    scalar    |
|crystals_tower_2_2_0_2_read  |  in |   16|   ap_none  | crystals_tower_2_2_0_2_read |    scalar    |
|crystals_tower_2_2_0_3_read  |  in |   16|   ap_none  | crystals_tower_2_2_0_3_read |    scalar    |
|crystals_tower_2_2_0_4_read  |  in |   16|   ap_none  | crystals_tower_2_2_0_4_read |    scalar    |
|crystals_tower_2_2_1_0_read  |  in |   16|   ap_none  | crystals_tower_2_2_1_0_read |    scalar    |
|crystals_tower_2_2_1_1_read  |  in |   16|   ap_none  | crystals_tower_2_2_1_1_read |    scalar    |
|crystals_tower_2_2_1_2_read  |  in |   16|   ap_none  | crystals_tower_2_2_1_2_read |    scalar    |
|crystals_tower_2_2_1_3_read  |  in |   16|   ap_none  | crystals_tower_2_2_1_3_read |    scalar    |
|crystals_tower_2_2_1_4_read  |  in |   16|   ap_none  | crystals_tower_2_2_1_4_read |    scalar    |
|crystals_tower_2_2_2_0_read  |  in |   16|   ap_none  | crystals_tower_2_2_2_0_read |    scalar    |
|crystals_tower_2_2_2_1_read  |  in |   16|   ap_none  | crystals_tower_2_2_2_1_read |    scalar    |
|crystals_tower_2_2_2_2_read  |  in |   16|   ap_none  | crystals_tower_2_2_2_2_read |    scalar    |
|crystals_tower_2_2_2_3_read  |  in |   16|   ap_none  | crystals_tower_2_2_2_3_read |    scalar    |
|crystals_tower_2_2_2_4_read  |  in |   16|   ap_none  | crystals_tower_2_2_2_4_read |    scalar    |
|crystals_tower_2_2_3_0_read  |  in |   16|   ap_none  | crystals_tower_2_2_3_0_read |    scalar    |
|crystals_tower_2_2_3_1_read  |  in |   16|   ap_none  | crystals_tower_2_2_3_1_read |    scalar    |
|crystals_tower_2_2_3_2_read  |  in |   16|   ap_none  | crystals_tower_2_2_3_2_read |    scalar    |
|crystals_tower_2_2_3_3_read  |  in |   16|   ap_none  | crystals_tower_2_2_3_3_read |    scalar    |
|crystals_tower_2_2_3_4_read  |  in |   16|   ap_none  | crystals_tower_2_2_3_4_read |    scalar    |
|crystals_tower_2_2_4_0_read  |  in |   16|   ap_none  | crystals_tower_2_2_4_0_read |    scalar    |
|crystals_tower_2_2_4_1_read  |  in |   16|   ap_none  | crystals_tower_2_2_4_1_read |    scalar    |
|crystals_tower_2_2_4_2_read  |  in |   16|   ap_none  | crystals_tower_2_2_4_2_read |    scalar    |
|crystals_tower_2_2_4_3_read  |  in |   16|   ap_none  | crystals_tower_2_2_4_3_read |    scalar    |
|crystals_tower_2_2_4_4_read  |  in |   16|   ap_none  | crystals_tower_2_2_4_4_read |    scalar    |
|crystals_tower_2_3_0_0_read  |  in |   16|   ap_none  | crystals_tower_2_3_0_0_read |    scalar    |
|crystals_tower_2_3_0_1_read  |  in |   16|   ap_none  | crystals_tower_2_3_0_1_read |    scalar    |
|crystals_tower_2_3_0_2_read  |  in |   16|   ap_none  | crystals_tower_2_3_0_2_read |    scalar    |
|crystals_tower_2_3_0_3_read  |  in |   16|   ap_none  | crystals_tower_2_3_0_3_read |    scalar    |
|crystals_tower_2_3_0_4_read  |  in |   16|   ap_none  | crystals_tower_2_3_0_4_read |    scalar    |
|crystals_tower_2_3_1_0_read  |  in |   16|   ap_none  | crystals_tower_2_3_1_0_read |    scalar    |
|crystals_tower_2_3_1_1_read  |  in |   16|   ap_none  | crystals_tower_2_3_1_1_read |    scalar    |
|crystals_tower_2_3_1_2_read  |  in |   16|   ap_none  | crystals_tower_2_3_1_2_read |    scalar    |
|crystals_tower_2_3_1_3_read  |  in |   16|   ap_none  | crystals_tower_2_3_1_3_read |    scalar    |
|crystals_tower_2_3_1_4_read  |  in |   16|   ap_none  | crystals_tower_2_3_1_4_read |    scalar    |
|crystals_tower_2_3_2_0_read  |  in |   16|   ap_none  | crystals_tower_2_3_2_0_read |    scalar    |
|crystals_tower_2_3_2_1_read  |  in |   16|   ap_none  | crystals_tower_2_3_2_1_read |    scalar    |
|crystals_tower_2_3_2_2_read  |  in |   16|   ap_none  | crystals_tower_2_3_2_2_read |    scalar    |
|crystals_tower_2_3_2_3_read  |  in |   16|   ap_none  | crystals_tower_2_3_2_3_read |    scalar    |
|crystals_tower_2_3_2_4_read  |  in |   16|   ap_none  | crystals_tower_2_3_2_4_read |    scalar    |
|crystals_tower_2_3_3_0_read  |  in |   16|   ap_none  | crystals_tower_2_3_3_0_read |    scalar    |
|crystals_tower_2_3_3_1_read  |  in |   16|   ap_none  | crystals_tower_2_3_3_1_read |    scalar    |
|crystals_tower_2_3_3_2_read  |  in |   16|   ap_none  | crystals_tower_2_3_3_2_read |    scalar    |
|crystals_tower_2_3_3_3_read  |  in |   16|   ap_none  | crystals_tower_2_3_3_3_read |    scalar    |
|crystals_tower_2_3_3_4_read  |  in |   16|   ap_none  | crystals_tower_2_3_3_4_read |    scalar    |
|crystals_tower_2_3_4_0_read  |  in |   16|   ap_none  | crystals_tower_2_3_4_0_read |    scalar    |
|crystals_tower_2_3_4_1_read  |  in |   16|   ap_none  | crystals_tower_2_3_4_1_read |    scalar    |
|crystals_tower_2_3_4_2_read  |  in |   16|   ap_none  | crystals_tower_2_3_4_2_read |    scalar    |
|crystals_tower_2_3_4_3_read  |  in |   16|   ap_none  | crystals_tower_2_3_4_3_read |    scalar    |
|crystals_tower_2_3_4_4_read  |  in |   16|   ap_none  | crystals_tower_2_3_4_4_read |    scalar    |
+-----------------------------+-----+-----+------------+-----------------------------+--------------+

