

================================================================
== Vivado HLS Report for 'getClustersInTower'
================================================================
* Date:           Wed Oct 31 22:16:43 2018

* Version:        2016.4 (Build 1756540 on Mon Jan 23 19:31:01 MST 2017)
* Project:        RCT_2016_project
* Solution:       solution1
* Product family: virtex7
* Target device:  xc7vx690tffg1927-2


================================================================
== Performance Estimates
================================================================
+ Timing (ns): 
    * Summary: 
    +--------+-------+----------+------------+
    |  Clock | Target| Estimated| Uncertainty|
    +--------+-------+----------+------------+
    |ap_clk  |   4.16|      3.62|        0.52|
    +--------+-------+----------+------------+

+ Latency (clock cycles): 
    * Summary: 
    +-----+-----+-----+-----+----------+
    |  Latency  |  Interval | Pipeline |
    | min | max | min | max |   Type   |
    +-----+-----+-----+-----+----------+
    |    9|    9|    6|    6| function |
    +-----+-----+-----+-----+----------+

    + Detail: 
        * Instance: 
        +--------------------------+---------------+-----+-----+-----+-----+----------+
        |                          |               |  Latency  |  Interval | Pipeline |
        |         Instance         |     Module    | min | max | min | max |   Type   |
        +--------------------------+---------------+-----+-----+-----+-----+----------+
        |grp_getPeakBinOf5_fu_236  |getPeakBinOf5  |    3|    3|    4|    4| function |
        |grp_getPeakBinOf5_fu_246  |getPeakBinOf5  |    3|    3|    4|    4| function |
        +--------------------------+---------------+-----+-----+-----+-----+----------+

        * Loop: 
        N/A



================================================================
== Utilization Estimates
================================================================
* Summary: 
+-----------------+---------+-------+--------+--------+
|       Name      | BRAM_18K| DSP48E|   FF   |   LUT  |
+-----------------+---------+-------+--------+--------+
|DSP              |        -|      -|       -|       -|
|Expression       |        -|      -|       0|     683|
|FIFO             |        -|      -|       -|       -|
|Instance         |        -|      -|     390|     314|
|Memory           |        -|      -|       -|       -|
|Multiplexer      |        -|      -|       -|       3|
|Register         |        -|      -|     841|       -|
+-----------------+---------+-------+--------+--------+
|Total            |        0|      0|    1231|    1000|
+-----------------+---------+-------+--------+--------+
|Available        |     2940|   3600|  866400|  433200|
+-----------------+---------+-------+--------+--------+
|Utilization (%)  |        0|      0|   ~0   |   ~0   |
+-----------------+---------+-------+--------+--------+

+ Detail: 
    * Instance: 
    +--------------------------+----------------------+---------+-------+-----+-----+
    |         Instance         |        Module        | BRAM_18K| DSP48E|  FF | LUT |
    +--------------------------+----------------------+---------+-------+-----+-----+
    |getClustersInCardbkb_U7   |getClustersInCardbkb  |        0|      0|    0|   16|
    |getClustersInCardbkb_U8   |getClustersInCardbkb  |        0|      0|    0|   16|
    |grp_getPeakBinOf5_fu_236  |getPeakBinOf5         |        0|      0|  195|  141|
    |grp_getPeakBinOf5_fu_246  |getPeakBinOf5         |        0|      0|  195|  141|
    +--------------------------+----------------------+---------+-------+-----+-----+
    |Total                     |                      |        0|      0|  390|  314|
    +--------------------------+----------------------+---------+-------+-----+-----+

    * DSP48: 
    N/A

    * Memory: 
    N/A

    * FIFO: 
    N/A

    * Expression: 
    +-------------------------+----------+-------+---+----+------------+------------+
    |      Variable Name      | Operation| DSP48E| FF| LUT| Bitwidth P0| Bitwidth P1|
    +-------------------------+----------+-------+---+----+------------+------------+
    |etaStripSum_0_fu_443_p2  |     +    |      0|  0|   8|          16|          16|
    |etaStripSum_1_fu_365_p2  |     +    |      0|  0|   8|          16|          16|
    |etaStripSum_2_fu_459_p2  |     +    |      0|  0|   8|          16|          16|
    |etaStripSum_3_fu_475_p2  |     +    |      0|  0|   8|          16|          16|
    |etaStripSum_4_fu_393_p2  |     +    |      0|  0|   8|          16|          16|
    |eta_3_2_fu_570_p2        |     +    |      0|  0|   4|           4|           1|
    |eta_3_fu_503_p2          |     +    |      0|  0|   4|           4|           2|
    |phiStripSum_0_fu_297_p2  |     +    |      0|  0|   8|          16|          16|
    |phiStripSum_1_fu_314_p2  |     +    |      0|  0|   8|          16|          16|
    |phiStripSum_2_fu_410_p2  |     +    |      0|  0|   8|          16|          16|
    |phiStripSum_3_fu_427_p2  |     +    |      0|  0|   8|          16|          16|
    |phiStripSum_4_fu_343_p2  |     +    |      0|  0|   8|          16|          16|
    |tmp10_fu_399_p2          |     +    |      0|  0|  16|          16|          16|
    |tmp11_fu_320_p2          |     +    |      0|  0|  16|          16|          16|
    |tmp12_fu_405_p2          |     +    |      0|  0|   8|          16|          16|
    |tmp13_fu_416_p2          |     +    |      0|  0|  16|          16|          16|
    |tmp14_fu_326_p2          |     +    |      0|  0|  16|          16|          16|
    |tmp15_fu_422_p2          |     +    |      0|  0|   8|          16|          16|
    |tmp16_fu_332_p2          |     +    |      0|  0|  16|          16|          16|
    |tmp17_fu_268_p2          |     +    |      0|  0|  16|          16|          16|
    |tmp18_fu_338_p2          |     +    |      0|  0|   8|          16|          16|
    |tmp19_fu_433_p2          |     +    |      0|  0|  16|          16|          16|
    |tmp20_fu_349_p2          |     +    |      0|  0|  16|          16|          16|
    |tmp21_fu_439_p2          |     +    |      0|  0|   8|          16|          16|
    |tmp22_fu_355_p2          |     +    |      0|  0|  16|          16|          16|
    |tmp23_fu_274_p2          |     +    |      0|  0|  16|          16|          16|
    |tmp24_fu_361_p2          |     +    |      0|  0|   8|          16|          16|
    |tmp25_fu_449_p2          |     +    |      0|  0|  16|          16|          16|
    |tmp26_fu_371_p2          |     +    |      0|  0|  16|          16|          16|
    |tmp27_fu_455_p2          |     +    |      0|  0|   8|          16|          16|
    |tmp28_fu_465_p2          |     +    |      0|  0|  16|          16|          16|
    |tmp29_fu_377_p2          |     +    |      0|  0|  16|          16|          16|
    |tmp30_fu_471_p2          |     +    |      0|  0|   8|          16|          16|
    |tmp31_fu_383_p2          |     +    |      0|  0|  16|          16|          16|
    |tmp32_fu_280_p2          |     +    |      0|  0|  16|          16|          16|
    |tmp33_fu_389_p2          |     +    |      0|  0|   8|          16|          16|
    |tmp34_fu_485_p2          |     +    |      0|  0|  16|          16|          16|
    |tmp35_fu_481_p2          |     +    |      0|  0|  16|          16|          16|
    |tmp36_fu_489_p2          |     +    |      0|  0|   8|          16|          16|
    |tmp5_fu_256_p2           |     +    |      0|  0|  16|          16|          16|
    |tmp6_fu_292_p2           |     +    |      0|  0|   8|          16|          16|
    |tmp7_fu_303_p2           |     +    |      0|  0|  16|          16|          16|
    |tmp8_fu_262_p2           |     +    |      0|  0|  16|          16|          16|
    |tmp9_fu_309_p2           |     +    |      0|  0|   8|          16|          16|
    |tmp_19_fu_530_p6         |     +    |      0|  0|   3|           3|           2|
    |tmp_42_4_fu_493_p2       |     +    |      0|  0|   8|          16|          16|
    |tmp_50_1_fu_564_p2       |     +    |      0|  0|  16|          16|          16|
    |tmp_50_2_fu_627_p2       |     +    |      0|  0|  16|          16|          16|
    |tmp_fu_286_p2            |     +    |      0|  0|  16|          16|          16|
    |or_cond_4_fu_519_p2      |    and   |      0|  0|   1|           1|           1|
    |sel_tmp2_fu_586_p2       |   icmp   |      0|  0|   2|           3|           2|
    |sel_tmp4_fu_591_p2       |   icmp   |      0|  0|   2|           3|           1|
    |sel_tmp_fu_581_p2        |   icmp   |      0|  0|   2|           3|           1|
    |tmp_17_fu_509_p2         |   icmp   |      0|  0|   2|           3|           1|
    |tmp_18_fu_514_p2         |   icmp   |      0|  0|   2|           4|           3|
    |tmp_48_1_fu_549_p2       |   icmp   |      0|  0|   2|           3|           3|
    |tmp_48_2_fu_575_p2       |   icmp   |      0|  0|   2|           4|           3|
    |or_cond_fu_602_p2        |    or    |      0|  0|   1|           1|           1|
    |clusterET_1_1_fu_622_p3  |  select  |      0|  0|  16|           1|          16|
    |clusterET_1_2_fu_632_p3  |  select  |      0|  0|  16|           1|          16|
    |clusterET_1_fu_541_p3    |  select  |      0|  0|  16|           1|          16|
    |newSel1_fu_608_p3        |  select  |      0|  0|  16|           1|          16|
    |newSel2_fu_614_p3        |  select  |      0|  0|  16|           1|          16|
    |newSel_fu_596_p3         |  select  |      0|  0|  16|           1|          16|
    +-------------------------+----------+-------+---+----+------------+------------+
    |Total                    |          |      0|  0| 683|         778|         853|
    +-------------------------+----------+-------+---+----+------------+------------+

    * Multiplexer: 
    +-------------------------+----+-----------+-----+-----------+
    |           Name          | LUT| Input Size| Bits| Total Bits|
    +-------------------------+----+-----------+-----+-----------+
    |ap_NS_fsm                |   1|          7|    1|          7|
    |ap_enable_reg_pp0_iter0  |   1|          2|    1|          2|
    |ap_enable_reg_pp0_iter1  |   1|          2|    1|          2|
    +-------------------------+----+-----------+-----+-----------+
    |Total                    |   3|         11|    3|         11|
    +-------------------------+----+-----------+-----+-----------+

    * Register: 
    +-------------------------------------------------+----+----+-----+-----------+
    |                       Name                      | FF | LUT| Bits| Const Bits|
    +-------------------------------------------------+----+----+-----+-----------+
    |ap_CS_fsm                                        |   6|   0|    6|          0|
    |ap_enable_reg_pp0_iter0_preg                     |   1|   0|    1|          0|
    |ap_enable_reg_pp0_iter1                          |   1|   0|    1|          0|
    |ap_pipeline_reg_pp0_iter1_etaStripSum_1_reg_751  |  16|   0|   16|          0|
    |ap_pipeline_reg_pp0_iter1_etaStripSum_4_reg_769  |  16|   0|   16|          0|
    |ap_port_reg_crystals_0_0_read                    |  16|   0|   16|          0|
    |ap_port_reg_crystals_0_1_read                    |  16|   0|   16|          0|
    |ap_port_reg_crystals_0_2_read                    |  16|   0|   16|          0|
    |ap_port_reg_crystals_0_3_read                    |  16|   0|   16|          0|
    |ap_port_reg_crystals_0_4_read                    |  16|   0|   16|          0|
    |ap_port_reg_crystals_1_2_read                    |  16|   0|   16|          0|
    |ap_port_reg_crystals_1_3_read                    |  16|   0|   16|          0|
    |ap_port_reg_crystals_2_0_read                    |  16|   0|   16|          0|
    |ap_port_reg_crystals_2_1_read                    |  16|   0|   16|          0|
    |ap_port_reg_crystals_2_2_read                    |  16|   0|   16|          0|
    |ap_port_reg_crystals_2_3_read                    |  16|   0|   16|          0|
    |ap_port_reg_crystals_2_4_read                    |  16|   0|   16|          0|
    |ap_port_reg_crystals_3_0_read                    |  16|   0|   16|          0|
    |ap_port_reg_crystals_3_1_read                    |  16|   0|   16|          0|
    |ap_port_reg_crystals_3_2_read                    |  16|   0|   16|          0|
    |ap_port_reg_crystals_3_3_read                    |  16|   0|   16|          0|
    |ap_port_reg_crystals_3_4_read                    |  16|   0|   16|          0|
    |ap_port_reg_crystals_4_2_read                    |  16|   0|   16|          0|
    |ap_port_reg_crystals_4_3_read                    |  16|   0|   16|          0|
    |ap_reg_grp_getPeakBinOf5_fu_236_ap_start         |   1|   0|    1|          0|
    |ap_reg_grp_getPeakBinOf5_fu_246_ap_start         |   1|   0|    1|          0|
    |clusterET_1_reg_851                              |  16|   0|   16|          0|
    |crystals_0_0_read_1_reg_713                      |  16|   0|   16|          0|
    |crystals_1_0_read_1_reg_673                      |  16|   0|   16|          0|
    |crystals_2_0_read_1_reg_708                      |  16|   0|   16|          0|
    |crystals_3_0_read_1_reg_703                      |  16|   0|   16|          0|
    |crystals_4_0_read_1_reg_668                      |  16|   0|   16|          0|
    |etaStripSum_0_reg_789                            |  16|   0|   16|          0|
    |etaStripSum_1_reg_751                            |  16|   0|   16|          0|
    |etaStripSum_2_reg_796                            |  16|   0|   16|          0|
    |etaStripSum_3_reg_804                            |  16|   0|   16|          0|
    |etaStripSum_4_reg_769                            |  16|   0|   16|          0|
    |eta_3_reg_846                                    |   4|   0|    4|          0|
    |newSel2_reg_871                                  |  16|   0|   16|          0|
    |peakPhi_write_assign_reg_836                     |   3|   0|    3|          0|
    |phiStripSum_0_reg_718                            |  16|   0|   16|          0|
    |phiStripSum_1_reg_724                            |  16|   0|   16|          0|
    |phiStripSum_2_reg_777                            |  16|   0|   16|          0|
    |phiStripSum_3_reg_783                            |  16|   0|   16|          0|
    |phiStripSum_4_reg_740                            |  16|   0|   16|          0|
    |tmp11_reg_730                                    |  16|   0|   16|          0|
    |tmp14_reg_735                                    |  16|   0|   16|          0|
    |tmp17_reg_688                                    |  16|   0|   16|          0|
    |tmp20_reg_746                                    |  16|   0|   16|          0|
    |tmp23_reg_693                                    |  16|   0|   16|          0|
    |tmp26_reg_759                                    |  16|   0|   16|          0|
    |tmp29_reg_764                                    |  16|   0|   16|          0|
    |tmp32_reg_698                                    |  16|   0|   16|          0|
    |tmp35_reg_812                                    |  16|   0|   16|          0|
    |tmp5_reg_678                                     |  16|   0|   16|          0|
    |tmp8_reg_683                                     |  16|   0|   16|          0|
    |tmp_42_4_reg_817                                 |  16|   0|   16|          0|
    |tmp_46_cast_cast_reg_841                         |   3|   0|    4|          1|
    |tmp_48_1_reg_856                                 |   1|   0|    1|          0|
    |tmp_48_2_reg_866                                 |   1|   0|    1|          0|
    |tmp_50_1_reg_861                                 |  16|   0|   16|          0|
    |tmp_s_reg_824                                    |   3|   0|    3|          0|
    +-------------------------------------------------+----+----+-----+-----------+
    |Total                                            | 841|   0|  842|          1|
    +-------------------------------------------------+----+----+-----+-----------+



================================================================
== Interface
================================================================
* Summary: 
+-------------------+-----+-----+------------+--------------------+--------------+
|     RTL Ports     | Dir | Bits|  Protocol  |    Source Object   |    C Type    |
+-------------------+-----+-----+------------+--------------------+--------------+
|ap_clk             |  in |    1| ap_ctrl_hs | getClustersInTower | return value |
|ap_rst             |  in |    1| ap_ctrl_hs | getClustersInTower | return value |
|ap_start           |  in |    1| ap_ctrl_hs | getClustersInTower | return value |
|ap_done            | out |    1| ap_ctrl_hs | getClustersInTower | return value |
|ap_idle            | out |    1| ap_ctrl_hs | getClustersInTower | return value |
|ap_ready           | out |    1| ap_ctrl_hs | getClustersInTower | return value |
|ap_return_0        | out |   16| ap_ctrl_hs | getClustersInTower | return value |
|ap_return_1        | out |   16| ap_ctrl_hs | getClustersInTower | return value |
|ap_return_2        | out |   16| ap_ctrl_hs | getClustersInTower | return value |
|ap_return_3        | out |   16| ap_ctrl_hs | getClustersInTower | return value |
|crystals_0_0_read  |  in |   16|   ap_none  |  crystals_0_0_read |    scalar    |
|crystals_0_1_read  |  in |   16|   ap_none  |  crystals_0_1_read |    scalar    |
|crystals_0_2_read  |  in |   16|   ap_none  |  crystals_0_2_read |    scalar    |
|crystals_0_3_read  |  in |   16|   ap_none  |  crystals_0_3_read |    scalar    |
|crystals_0_4_read  |  in |   16|   ap_none  |  crystals_0_4_read |    scalar    |
|crystals_1_0_read  |  in |   16|   ap_none  |  crystals_1_0_read |    scalar    |
|crystals_1_1_read  |  in |   16|   ap_none  |  crystals_1_1_read |    scalar    |
|crystals_1_2_read  |  in |   16|   ap_none  |  crystals_1_2_read |    scalar    |
|crystals_1_3_read  |  in |   16|   ap_none  |  crystals_1_3_read |    scalar    |
|crystals_1_4_read  |  in |   16|   ap_none  |  crystals_1_4_read |    scalar    |
|crystals_2_0_read  |  in |   16|   ap_none  |  crystals_2_0_read |    scalar    |
|crystals_2_1_read  |  in |   16|   ap_none  |  crystals_2_1_read |    scalar    |
|crystals_2_2_read  |  in |   16|   ap_none  |  crystals_2_2_read |    scalar    |
|crystals_2_3_read  |  in |   16|   ap_none  |  crystals_2_3_read |    scalar    |
|crystals_2_4_read  |  in |   16|   ap_none  |  crystals_2_4_read |    scalar    |
|crystals_3_0_read  |  in |   16|   ap_none  |  crystals_3_0_read |    scalar    |
|crystals_3_1_read  |  in |   16|   ap_none  |  crystals_3_1_read |    scalar    |
|crystals_3_2_read  |  in |   16|   ap_none  |  crystals_3_2_read |    scalar    |
|crystals_3_3_read  |  in |   16|   ap_none  |  crystals_3_3_read |    scalar    |
|crystals_3_4_read  |  in |   16|   ap_none  |  crystals_3_4_read |    scalar    |
|crystals_4_0_read  |  in |   16|   ap_none  |  crystals_4_0_read |    scalar    |
|crystals_4_1_read  |  in |   16|   ap_none  |  crystals_4_1_read |    scalar    |
|crystals_4_2_read  |  in |   16|   ap_none  |  crystals_4_2_read |    scalar    |
|crystals_4_3_read  |  in |   16|   ap_none  |  crystals_4_3_read |    scalar    |
|crystals_4_4_read  |  in |   16|   ap_none  |  crystals_4_4_read |    scalar    |
+-------------------+-----+-----+------------+--------------------+--------------+

