

================================================================
== Vivado HLS Report for 'getPeakBinOf5'
================================================================
* Date:           Wed Oct 31 22:16:43 2018

* Version:        2016.4 (Build 1756540 on Mon Jan 23 19:31:01 MST 2017)
* Project:        RCT_2016_project
* Solution:       solution1
* Product family: virtex7
* Target device:  xc7vx690tffg1927-2


================================================================
== Performance Estimates
================================================================
+ Timing (ns): 
    * Summary: 
    +--------+-------+----------+------------+
    |  Clock | Target| Estimated| Uncertainty|
    +--------+-------+----------+------------+
    |ap_clk  |   4.16|      2.73|        0.52|
    +--------+-------+----------+------------+

+ Latency (clock cycles): 
    * Summary: 
    +-----+-----+-----+-----+----------+
    |  Latency  |  Interval | Pipeline |
    | min | max | min | max |   Type   |
    +-----+-----+-----+-----+----------+
    |    3|    3|    4|    4| function |
    +-----+-----+-----+-----+----------+

    + Detail: 
        * Instance: 
        N/A

        * Loop: 
        N/A



================================================================
== Utilization Estimates
================================================================
* Summary: 
+-----------------+---------+-------+--------+--------+
|       Name      | BRAM_18K| DSP48E|   FF   |   LUT  |
+-----------------+---------+-------+--------+--------+
|DSP              |        -|      -|       -|       -|
|Expression       |        -|      -|       0|     140|
|FIFO             |        -|      -|       -|       -|
|Instance         |        -|      -|       -|       -|
|Memory           |        -|      -|       -|       -|
|Multiplexer      |        -|      -|       -|       1|
|Register         |        -|      -|     195|       -|
+-----------------+---------+-------+--------+--------+
|Total            |        0|      0|     195|     141|
+-----------------+---------+-------+--------+--------+
|Available        |     2940|   3600|  866400|  433200|
+-----------------+---------+-------+--------+--------+
|Utilization (%)  |        0|      0|   ~0   |   ~0   |
+-----------------+---------+-------+--------+--------+

+ Detail: 
    * Instance: 
    N/A

    * DSP48: 
    N/A

    * Memory: 
    N/A

    * FIFO: 
    N/A

    * Expression: 
    +--------------------+----------+-------+---+----+------------+------------+
    |    Variable Name   | Operation| DSP48E| FF| LUT| Bitwidth P0| Bitwidth P1|
    +--------------------+----------+-------+---+----+------------+------------+
    |iEtSum_fu_218_p2    |     +    |      0|  0|   8|          16|          16|
    |tmp2_fu_142_p2      |     +    |      0|  0|   8|          16|          16|
    |tmp3_fu_212_p2      |     +    |      0|  0|   8|          16|          16|
    |tmp5_fu_176_p2      |     +    |      0|  0|  14|          14|          14|
    |tmp8_fu_136_p2      |     +    |      0|  0|  16|          16|          16|
    |tmp9_fu_148_p2      |     +    |      0|  0|   8|          16|          16|
    |tmp_12_fu_239_p2    |     +    |      0|  0|  18|          18|          18|
    |tmp_8_fu_192_p2     |     +    |      0|  0|   8|          16|          16|
    |tmp_6_fu_196_p2     |     -    |      0|  0|   8|          16|          16|
    |sel_tmp1_fu_292_p2  |    and   |      0|  0|   1|           1|           1|
    |sel_tmp6_fu_320_p2  |    and   |      0|  0|   1|           1|           1|
    |tmp4_fu_286_p2      |    and   |      0|  0|   1|           1|           1|
    |tmp_11_fu_255_p2    |   icmp   |      0|  0|   6|          17|          17|
    |tmp_13_fu_260_p2    |   icmp   |      0|  0|   7|          18|          18|
    |tmp_15_fu_272_p2    |   icmp   |      0|  0|   7|          18|          18|
    |tmp_7_fu_245_p2     |   icmp   |      0|  0|   6|          16|          16|
    |ap_return           |  select  |      0|  0|   3|           1|           1|
    |iAve_fu_278_p3      |  select  |      0|  0|   4|           1|           4|
    |sel_tmp2_fu_298_p3  |  select  |      0|  0|   3|           1|           3|
    |sel_tmp4_fu_306_p3  |  select  |      0|  0|   3|           1|           3|
    |sel_tmp5_fu_314_p2  |    xor   |      0|  0|   2|           1|           2|
    +--------------------+----------+-------+---+----+------------+------------+
    |Total               |          |      0|  0| 140|         221|         229|
    +--------------------+----------+-------+---+----+------------+------------+

    * Multiplexer: 
    +-----------+----+-----------+-----+-----------+
    |    Name   | LUT| Input Size| Bits| Total Bits|
    +-----------+----+-----------+-----+-----------+
    |ap_NS_fsm  |   1|          5|    1|          5|
    +-----------+----+-----------+-----+-----------+
    |Total      |   1|          5|    1|          5|
    +-----------+----+-----------+-----+-----------+

    * Register: 
    +-----------------------+----+----+-----+-----------+
    |          Name         | FF | LUT| Bits| Const Bits|
    +-----------------------+----+----+-----+-----------+
    |ap_CS_fsm              |   4|   0|    4|          0|
    |ap_port_reg_etSum      |  16|   0|   16|          0|
    |ap_port_reg_et_3_read  |  16|   0|   16|          0|
    |ap_port_reg_et_4_read  |  16|   0|   16|          0|
    |etSum_read_reg_359     |  16|   0|   16|          0|
    |iEtSum_reg_365         |  16|   0|   16|          0|
    |tmp5_reg_344           |  14|   0|   14|          0|
    |tmp8_reg_334           |  16|   0|   16|          0|
    |tmp9_reg_339           |  16|   0|   16|          0|
    |tmp_10_reg_372         |  16|   0|   17|          1|
    |tmp_12_reg_377         |  18|   0|   18|          0|
    |tmp_4_reg_349          |  15|   0|   15|          0|
    |tmp_6_reg_354          |  16|   0|   16|          0|
    +-----------------------+----+----+-----+-----------+
    |Total                  | 195|   0|  196|          1|
    +-----------------------+----+----+-----+-----------+



================================================================
== Interface
================================================================
* Summary: 
+-----------+-----+-----+------------+---------------+--------------+
| RTL Ports | Dir | Bits|  Protocol  | Source Object |    C Type    |
+-----------+-----+-----+------------+---------------+--------------+
|ap_clk     |  in |    1| ap_ctrl_hs | getPeakBinOf5 | return value |
|ap_rst     |  in |    1| ap_ctrl_hs | getPeakBinOf5 | return value |
|ap_start   |  in |    1| ap_ctrl_hs | getPeakBinOf5 | return value |
|ap_done    | out |    1| ap_ctrl_hs | getPeakBinOf5 | return value |
|ap_idle    | out |    1| ap_ctrl_hs | getPeakBinOf5 | return value |
|ap_ready   | out |    1| ap_ctrl_hs | getPeakBinOf5 | return value |
|ap_return  | out |    3| ap_ctrl_hs | getPeakBinOf5 | return value |
|et_0_read  |  in |   16|   ap_none  |   et_0_read   |    scalar    |
|et_1_read  |  in |   16|   ap_none  |   et_1_read   |    scalar    |
|et_2_read  |  in |   16|   ap_none  |   et_2_read   |    scalar    |
|et_3_read  |  in |   16|   ap_none  |   et_3_read   |    scalar    |
|et_4_read  |  in |   16|   ap_none  |   et_4_read   |    scalar    |
|etSum      |  in |   16|   ap_none  |     etSum     |    scalar    |
+-----------+-----+-----+------------+---------------+--------------+

