

================================================================
== Vivado HLS Report for 'mergeClusters'
================================================================
* Date:           Wed Oct 31 22:16:26 2018

* Version:        2016.4 (Build 1756540 on Mon Jan 23 19:31:01 MST 2017)
* Project:        RCT_2016_project
* Solution:       solution1
* Product family: virtex7
* Target device:  xc7vx690tffg1927-2


================================================================
== Performance Estimates
================================================================
+ Timing (ns): 
    * Summary: 
    +--------+-------+----------+------------+
    |  Clock | Target| Estimated| Uncertainty|
    +--------+-------+----------+------------+
    |ap_clk  |   4.16|      3.42|        0.52|
    +--------+-------+----------+------------+

+ Latency (clock cycles): 
    * Summary: 
    +-----+-----+-----+-----+----------+
    |  Latency  |  Interval | Pipeline |
    | min | max | min | max |   Type   |
    +-----+-----+-----+-----+----------+
    |    0|    0|    1|    1| function |
    +-----+-----+-----+-----+----------+

    + Detail: 
        * Instance: 
        N/A

        * Loop: 
        N/A

============================================================
+ Verbose Summary: Synthesis Manager
============================================================
InlineROM: 1
ExposeGlobal: 0
============================================================
+ Verbose Summary: CDFG Model
============================================================
IsTopModel: 0
ResetActiveHigh: 1
IsCombinational: 0
IsDatapathOnly: 0
HasWiredReturn: 1
HasMFsm: 2
HasVarLatency: 0
IsPipeline: 1
IsRtlPipelined: 0
IsInstanceOverlapped: 0
IsDontTouch: 0
HasImplIP: 0
IsGatedGlobalClock: 0

+ Individual pipeline summary: 
  * Pipeline-0: initiation interval (II) = 1, depth = 1


============================================================
+ Verbose Summary: Schedule
============================================================
* Number of FSM states: 1
* Pipeline: 1
  Pipeline-0: II = 1, D = 1, States = { 1 }
* Dataflow Pipeline: 0

* FSM state transitions: 
1 --> 
* FSM state operations: 

 <State 1>: 3.42ns
ST_1: icet2_read (9)  [1/1] 0.00ns
_ifconv:0  %icet2_read = call i16 @_ssdm_op_Read.ap_auto.i16(i16 %icet2)

ST_1: itet2_read (10)  [1/1] 0.00ns
_ifconv:1  %itet2_read = call i16 @_ssdm_op_Read.ap_auto.i16(i16 %itet2)

ST_1: iphi2_read (11)  [1/1] 0.00ns
_ifconv:2  %iphi2_read = call i16 @_ssdm_op_Read.ap_auto.i16(i16 %iphi2)

ST_1: ieta2_read (12)  [1/1] 0.00ns
_ifconv:3  %ieta2_read = call i16 @_ssdm_op_Read.ap_auto.i16(i16 %ieta2)

ST_1: icet1_read (13)  [1/1] 0.00ns
_ifconv:4  %icet1_read = call i16 @_ssdm_op_Read.ap_auto.i16(i16 %icet1)

ST_1: itet1_read (14)  [1/1] 0.00ns
_ifconv:5  %itet1_read = call i16 @_ssdm_op_Read.ap_auto.i16(i16 %itet1)

ST_1: iphi1_read (15)  [1/1] 0.00ns
_ifconv:6  %iphi1_read = call i16 @_ssdm_op_Read.ap_auto.i16(i16 %iphi1)

ST_1: ieta1_read (16)  [1/1] 0.00ns
_ifconv:7  %ieta1_read = call i16 @_ssdm_op_Read.ap_auto.i16(i16 %ieta1)

ST_1: tmp (17)  [1/1] 1.29ns  loc: /data/skamat/HLS/RCT_2016/vivado_hls/src/ClusterFinder.cc:1537
_ifconv:8  %tmp = icmp eq i16 %ieta1_read, %ieta2_read

ST_1: tmp_1 (18)  [1/1] 1.29ns  loc: /data/skamat/HLS/RCT_2016/vivado_hls/src/ClusterFinder.cc:1537
_ifconv:9  %tmp_1 = icmp eq i16 %iphi1_read, %iphi2_read

ST_1: or_cond (19)  [1/1] 0.71ns  loc: /data/skamat/HLS/RCT_2016/vivado_hls/src/ClusterFinder.cc:1537
_ifconv:10  %or_cond = or i1 %tmp, %tmp_1

ST_1: tmp_2 (20)  [1/1] 1.29ns  loc: /data/skamat/HLS/RCT_2016/vivado_hls/src/ClusterFinder.cc:1538
_ifconv:11  %tmp_2 = icmp ugt i16 %icet1_read, %icet2_read

ST_1: tmp_3 (21)  [1/1] 1.39ns  loc: /data/skamat/HLS/RCT_2016/vivado_hls/src/ClusterFinder.cc:1542
_ifconv:12  %tmp_3 = add i16 %icet2_read, %icet1_read

ST_1: tmp_4 (22)  [1/1] 1.39ns  loc: /data/skamat/HLS/RCT_2016/vivado_hls/src/ClusterFinder.cc:1543
_ifconv:13  %tmp_4 = add i16 %icet2_read, %itet1_read

ST_1: tmp_5 (23)  [1/1] 1.39ns  loc: /data/skamat/HLS/RCT_2016/vivado_hls/src/ClusterFinder.cc:1547
_ifconv:14  %tmp_5 = sub i16 %itet2_read, %icet2_read

ST_1: tmp_7 (24)  [1/1] 1.39ns  loc: /data/skamat/HLS/RCT_2016/vivado_hls/src/ClusterFinder.cc:1554
_ifconv:15  %tmp_7 = add i16 %itet2_read, %icet1_read

ST_1: tmp_8 (25)  [1/1] 1.39ns  loc: /data/skamat/HLS/RCT_2016/vivado_hls/src/ClusterFinder.cc:1558
_ifconv:16  %tmp_8 = sub i16 %itet1_read, %icet1_read

ST_1: sel_tmp (26)  [1/1] 0.71ns  loc: /data/skamat/HLS/RCT_2016/vivado_hls/src/ClusterFinder.cc:1537
_ifconv:17  %sel_tmp = and i1 %or_cond, %tmp_2

ST_1: sel_tmp1 (27)  [1/1] 0.00ns  loc: /data/skamat/HLS/RCT_2016/vivado_hls/src/ClusterFinder.cc:1534 (grouped into LUT with out node tet1_write_assign)
_ifconv:18  %sel_tmp1 = select i1 %sel_tmp, i16 %tmp_4, i16 %tmp_8

ST_1: tet1_write_assign (28)  [1/1] 0.71ns  loc: /data/skamat/HLS/RCT_2016/vivado_hls/src/ClusterFinder.cc:1534 (out node of the LUT)
_ifconv:19  %tet1_write_assign = select i1 %or_cond, i16 %sel_tmp1, i16 %itet1_read

ST_1: sel_tmp5 (29)  [1/1] 0.00ns  loc: /data/skamat/HLS/RCT_2016/vivado_hls/src/ClusterFinder.cc:1534 (grouped into LUT with out node cet1_write_assign)
_ifconv:20  %sel_tmp5 = select i1 %sel_tmp, i16 %tmp_3, i16 0

ST_1: cet1_write_assign (30)  [1/1] 0.71ns  loc: /data/skamat/HLS/RCT_2016/vivado_hls/src/ClusterFinder.cc:1534 (out node of the LUT)
_ifconv:21  %cet1_write_assign = select i1 %or_cond, i16 %sel_tmp5, i16 %icet1_read

ST_1: sel_tmp9 (31)  [1/1] 0.00ns  loc: /data/skamat/HLS/RCT_2016/vivado_hls/src/ClusterFinder.cc:1534 (grouped into LUT with out node phi1_write_assign)
_ifconv:22  %sel_tmp9 = select i1 %sel_tmp, i16 %iphi1_read, i16 2

ST_1: phi1_write_assign (32)  [1/1] 0.71ns  loc: /data/skamat/HLS/RCT_2016/vivado_hls/src/ClusterFinder.cc:1534 (out node of the LUT)
_ifconv:23  %phi1_write_assign = select i1 %or_cond, i16 %sel_tmp9, i16 %iphi1_read

ST_1: sel_tmp2 (33)  [1/1] 0.00ns  loc: /data/skamat/HLS/RCT_2016/vivado_hls/src/ClusterFinder.cc:1535 (grouped into LUT with out node eta2_write_assign)
_ifconv:24  %sel_tmp2 = select i1 %sel_tmp, i16 2, i16 %ieta2_read

ST_1: eta2_write_assign (34)  [1/1] 0.71ns  loc: /data/skamat/HLS/RCT_2016/vivado_hls/src/ClusterFinder.cc:1535 (out node of the LUT)
_ifconv:25  %eta2_write_assign = select i1 %or_cond, i16 %sel_tmp2, i16 %ieta2_read

ST_1: sel_tmp3 (35)  [1/1] 0.00ns  loc: /data/skamat/HLS/RCT_2016/vivado_hls/src/ClusterFinder.cc:1535 (grouped into LUT with out node phi2_write_assign)
_ifconv:26  %sel_tmp3 = select i1 %sel_tmp, i16 2, i16 %iphi2_read

ST_1: phi2_write_assign (36)  [1/1] 0.71ns  loc: /data/skamat/HLS/RCT_2016/vivado_hls/src/ClusterFinder.cc:1535 (out node of the LUT)
_ifconv:27  %phi2_write_assign = select i1 %or_cond, i16 %sel_tmp3, i16 %iphi2_read

ST_1: sel_tmp4 (37)  [1/1] 0.00ns  loc: /data/skamat/HLS/RCT_2016/vivado_hls/src/ClusterFinder.cc:1534 (grouped into LUT with out node eta1_write_assign)
_ifconv:28  %sel_tmp4 = select i1 %sel_tmp, i16 %ieta1_read, i16 2

ST_1: eta1_write_assign (38)  [1/1] 0.71ns  loc: /data/skamat/HLS/RCT_2016/vivado_hls/src/ClusterFinder.cc:1534 (out node of the LUT)
_ifconv:29  %eta1_write_assign = select i1 %or_cond, i16 %sel_tmp4, i16 %ieta1_read

ST_1: sel_tmp6 (39)  [1/1] 0.00ns  loc: /data/skamat/HLS/RCT_2016/vivado_hls/src/ClusterFinder.cc:1535 (grouped into LUT with out node tet2_write_assign)
_ifconv:30  %sel_tmp6 = select i1 %sel_tmp, i16 %tmp_5, i16 %tmp_7

ST_1: tet2_write_assign (40)  [1/1] 0.71ns  loc: /data/skamat/HLS/RCT_2016/vivado_hls/src/ClusterFinder.cc:1535 (out node of the LUT)
_ifconv:31  %tet2_write_assign = select i1 %or_cond, i16 %sel_tmp6, i16 %itet2_read

ST_1: sel_tmp7 (41)  [1/1] 0.00ns  loc: /data/skamat/HLS/RCT_2016/vivado_hls/src/ClusterFinder.cc:1535 (grouped into LUT with out node cet2_write_assign)
_ifconv:32  %sel_tmp7 = select i1 %sel_tmp, i16 0, i16 %tmp_3

ST_1: cet2_write_assign (42)  [1/1] 0.71ns  loc: /data/skamat/HLS/RCT_2016/vivado_hls/src/ClusterFinder.cc:1535 (out node of the LUT)
_ifconv:33  %cet2_write_assign = select i1 %or_cond, i16 %sel_tmp7, i16 %icet2_read

ST_1: mrv (43)  [1/1] 0.00ns  loc: /data/skamat/HLS/RCT_2016/vivado_hls/src/ClusterFinder.cc:1534
_ifconv:34  %mrv = insertvalue { i16, i16, i16, i16, i16, i16, i16, i16 } undef, i16 %eta1_write_assign, 0

ST_1: mrv_1 (44)  [1/1] 0.00ns  loc: /data/skamat/HLS/RCT_2016/vivado_hls/src/ClusterFinder.cc:1534
_ifconv:35  %mrv_1 = insertvalue { i16, i16, i16, i16, i16, i16, i16, i16 } %mrv, i16 %phi1_write_assign, 1

ST_1: mrv_2 (45)  [1/1] 0.00ns  loc: /data/skamat/HLS/RCT_2016/vivado_hls/src/ClusterFinder.cc:1534
_ifconv:36  %mrv_2 = insertvalue { i16, i16, i16, i16, i16, i16, i16, i16 } %mrv_1, i16 %tet1_write_assign, 2

ST_1: mrv_3 (46)  [1/1] 0.00ns  loc: /data/skamat/HLS/RCT_2016/vivado_hls/src/ClusterFinder.cc:1534
_ifconv:37  %mrv_3 = insertvalue { i16, i16, i16, i16, i16, i16, i16, i16 } %mrv_2, i16 %cet1_write_assign, 3

ST_1: mrv_4 (47)  [1/1] 0.00ns  loc: /data/skamat/HLS/RCT_2016/vivado_hls/src/ClusterFinder.cc:1534
_ifconv:38  %mrv_4 = insertvalue { i16, i16, i16, i16, i16, i16, i16, i16 } %mrv_3, i16 %eta2_write_assign, 4

ST_1: mrv_5 (48)  [1/1] 0.00ns  loc: /data/skamat/HLS/RCT_2016/vivado_hls/src/ClusterFinder.cc:1534
_ifconv:39  %mrv_5 = insertvalue { i16, i16, i16, i16, i16, i16, i16, i16 } %mrv_4, i16 %phi2_write_assign, 5

ST_1: mrv_6 (49)  [1/1] 0.00ns  loc: /data/skamat/HLS/RCT_2016/vivado_hls/src/ClusterFinder.cc:1534
_ifconv:40  %mrv_6 = insertvalue { i16, i16, i16, i16, i16, i16, i16, i16 } %mrv_5, i16 %tet2_write_assign, 6

ST_1: mrv_7 (50)  [1/1] 0.00ns  loc: /data/skamat/HLS/RCT_2016/vivado_hls/src/ClusterFinder.cc:1534
_ifconv:41  %mrv_7 = insertvalue { i16, i16, i16, i16, i16, i16, i16, i16 } %mrv_6, i16 %cet2_write_assign, 7

ST_1: StgValue_44 (51)  [1/1] 0.00ns  loc: /data/skamat/HLS/RCT_2016/vivado_hls/src/ClusterFinder.cc:1534
_ifconv:42  ret { i16, i16, i16, i16, i16, i16, i16, i16 } %mrv_7



============================================================
+ Verbose Summary: Timing violations
============================================================
Target clock period: 4.16ns, clock uncertainty: 0.52ns.

 <State 1>: 3.42ns
The critical path consists of the following:
	wire read on port 'iphi2' [11]  (0 ns)
	'icmp' operation ('tmp_1', /data/skamat/HLS/RCT_2016/vivado_hls/src/ClusterFinder.cc:1537) [18]  (1.29 ns)
	'or' operation ('or_cond', /data/skamat/HLS/RCT_2016/vivado_hls/src/ClusterFinder.cc:1537) [19]  (0.71 ns)
	'and' operation ('sel_tmp', /data/skamat/HLS/RCT_2016/vivado_hls/src/ClusterFinder.cc:1537) [26]  (0.71 ns)
	'select' operation ('sel_tmp1', /data/skamat/HLS/RCT_2016/vivado_hls/src/ClusterFinder.cc:1534) [27]  (0 ns)
	'select' operation ('tet1', /data/skamat/HLS/RCT_2016/vivado_hls/src/ClusterFinder.cc:1534) [28]  (0.71 ns)


============================================================
+ Verbose Summary: Binding
============================================================
N/A
* FSMD analyzer results:
  - Output states:
 - Input state : 
  - Chain level:
	State 1


============================================================
+ Verbose Summary: Datapath Resource usage 
============================================================
N/A
