

================================================================
== Vivado HLS Report for 'mergeClusters'
================================================================
* Date:           Wed Oct 31 22:16:50 2018

* Version:        2016.4 (Build 1756540 on Mon Jan 23 19:31:01 MST 2017)
* Project:        RCT_2016_project
* Solution:       solution1
* Product family: virtex7
* Target device:  xc7vx690tffg1927-2


================================================================
== Performance Estimates
================================================================
+ Timing (ns): 
    * Summary: 
    +--------+-------+----------+------------+
    |  Clock | Target| Estimated| Uncertainty|
    +--------+-------+----------+------------+
    |ap_clk  |   4.16|      3.42|        0.52|
    +--------+-------+----------+------------+

+ Latency (clock cycles): 
    * Summary: 
    +-----+-----+-----+-----+----------+
    |  Latency  |  Interval | Pipeline |
    | min | max | min | max |   Type   |
    +-----+-----+-----+-----+----------+
    |    0|    0|    1|    1| function |
    +-----+-----+-----+-----+----------+

    + Detail: 
        * Instance: 
        N/A

        * Loop: 
        N/A



================================================================
== Utilization Estimates
================================================================
* Summary: 
+-----------------+---------+-------+--------+--------+
|       Name      | BRAM_18K| DSP48E|   FF   |   LUT  |
+-----------------+---------+-------+--------+--------+
|DSP              |        -|      -|       -|       -|
|Expression       |        -|      -|       0|     356|
|FIFO             |        -|      -|       -|       -|
|Instance         |        -|      -|       -|       -|
|Memory           |        -|      -|       -|       -|
|Multiplexer      |        -|      -|       -|       -|
|Register         |        -|      -|       -|       -|
+-----------------+---------+-------+--------+--------+
|Total            |        0|      0|       0|     356|
+-----------------+---------+-------+--------+--------+
|Available        |     2940|   3600|  866400|  433200|
+-----------------+---------+-------+--------+--------+
|Utilization (%)  |        0|      0|       0|   ~0   |
+-----------------+---------+-------+--------+--------+

+ Detail: 
    * Instance: 
    N/A

    * DSP48: 
    N/A

    * Memory: 
    N/A

    * FIFO: 
    N/A

    * Expression: 
    +-----------------------------+----------+-------+---+----+------------+------------+
    |        Variable Name        | Operation| DSP48E| FF| LUT| Bitwidth P0| Bitwidth P1|
    +-----------------------------+----------+-------+---+----+------------+------------+
    |tmp_3_fu_96_p2               |     +    |      0|  0|  16|          16|          16|
    |tmp_4_fu_102_p2              |     +    |      0|  0|  16|          16|          16|
    |tmp_7_fu_114_p2              |     +    |      0|  0|  16|          16|          16|
    |tmp_5_fu_108_p2              |     -    |      0|  0|  16|          16|          16|
    |tmp_8_fu_120_p2              |     -    |      0|  0|  16|          16|          16|
    |sel_tmp_fu_126_p2            |    and   |      0|  0|   1|           1|           1|
    |tmp_1_fu_78_p2               |   icmp   |      0|  0|   6|          16|          16|
    |tmp_2_fu_90_p2               |   icmp   |      0|  0|   6|          16|          16|
    |tmp_fu_72_p2                 |   icmp   |      0|  0|   6|          16|          16|
    |or_cond_fu_84_p2             |    or    |      0|  0|   1|           1|           1|
    |cet1_write_assign_fu_156_p3  |  select  |      0|  0|  16|           1|          16|
    |cet2_write_assign_fu_252_p3  |  select  |      0|  0|  16|           1|          16|
    |eta1_write_assign_fu_220_p3  |  select  |      0|  0|  16|           1|          16|
    |eta2_write_assign_fu_188_p3  |  select  |      0|  0|  16|           1|          16|
    |phi1_write_assign_fu_172_p3  |  select  |      0|  0|  16|           1|          16|
    |phi2_write_assign_fu_204_p3  |  select  |      0|  0|  16|           1|          16|
    |sel_tmp1_fu_132_p3           |  select  |      0|  0|  16|           1|          16|
    |sel_tmp2_fu_180_p3           |  select  |      0|  0|  16|           1|           2|
    |sel_tmp3_fu_196_p3           |  select  |      0|  0|  16|           1|           2|
    |sel_tmp4_fu_212_p3           |  select  |      0|  0|  16|           1|          16|
    |sel_tmp5_fu_148_p3           |  select  |      0|  0|  16|           1|          16|
    |sel_tmp6_fu_228_p3           |  select  |      0|  0|  16|           1|          16|
    |sel_tmp7_fu_244_p3           |  select  |      0|  0|  16|           1|           1|
    |sel_tmp9_fu_164_p3           |  select  |      0|  0|  16|           1|          16|
    |tet1_write_assign_fu_140_p3  |  select  |      0|  0|  16|           1|          16|
    |tet2_write_assign_fu_236_p3  |  select  |      0|  0|  16|           1|          16|
    +-----------------------------+----------+-------+---+----+------------+------------+
    |Total                        |          |      0|  0| 356|         146|         343|
    +-----------------------------+----------+-------+---+----+------------+------------+

    * Multiplexer: 
    N/A

    * Register: 
    N/A



================================================================
== Interface
================================================================
* Summary: 
+-------------+-----+-----+------------+---------------+--------------+
|  RTL Ports  | Dir | Bits|  Protocol  | Source Object |    C Type    |
+-------------+-----+-----+------------+---------------+--------------+
|ieta1        |  in |   16|   ap_none  |     ieta1     |    scalar    |
|iphi1        |  in |   16|   ap_none  |     iphi1     |    scalar    |
|itet1        |  in |   16|   ap_none  |     itet1     |    scalar    |
|icet1        |  in |   16|   ap_none  |     icet1     |    scalar    |
|ieta2        |  in |   16|   ap_none  |     ieta2     |    scalar    |
|iphi2        |  in |   16|   ap_none  |     iphi2     |    scalar    |
|itet2        |  in |   16|   ap_none  |     itet2     |    scalar    |
|icet2        |  in |   16|   ap_none  |     icet2     |    scalar    |
|ap_return_0  | out |   16| ap_ctrl_hs | mergeClusters | return value |
|ap_return_1  | out |   16| ap_ctrl_hs | mergeClusters | return value |
|ap_return_2  | out |   16| ap_ctrl_hs | mergeClusters | return value |
|ap_return_3  | out |   16| ap_ctrl_hs | mergeClusters | return value |
|ap_return_4  | out |   16| ap_ctrl_hs | mergeClusters | return value |
|ap_return_5  | out |   16| ap_ctrl_hs | mergeClusters | return value |
|ap_return_6  | out |   16| ap_ctrl_hs | mergeClusters | return value |
|ap_return_7  | out |   16| ap_ctrl_hs | mergeClusters | return value |
+-------------+-----+-----+------------+---------------+--------------+

============================================================
+ Verbose Summary: Synthesis Manager
============================================================
InlineROM: 1
ExposeGlobal: 0
============================================================
+ Verbose Summary: CDFG Model
============================================================
IsTopModel: 0
ResetActiveHigh: 1
IsCombinational: 1
IsDatapathOnly: 2
HasWiredReturn: 1
HasMFsm: 2
HasVarLatency: 0
IsPipeline: 1
IsRtlPipelined: 0
IsInstanceOverlapped: 0
IsDontTouch: 0
HasImplIP: 0
IsGatedGlobalClock: 0

+ Individual pipeline summary: 
  * Pipeline-0: initiation interval (II) = 1, depth = 1


============================================================
+ Verbose Summary: Schedule
============================================================
* Number of FSM states: 1
* Pipeline: 1
  Pipeline-0: II = 1, D = 1, States = { 1 }
* Dataflow Pipeline: 0

* FSM state transitions: 
1 --> 
* FSM state operations: 

 <State 1>: 3.42ns
ST_1: icet2_read (9)  [1/1] 0.00ns
_ifconv:0  %icet2_read = call i16 @_ssdm_op_Read.ap_auto.i16(i16 %icet2)

ST_1: itet2_read (10)  [1/1] 0.00ns
_ifconv:1  %itet2_read = call i16 @_ssdm_op_Read.ap_auto.i16(i16 %itet2)

ST_1: iphi2_read (11)  [1/1] 0.00ns
_ifconv:2  %iphi2_read = call i16 @_ssdm_op_Read.ap_auto.i16(i16 %iphi2)

ST_1: ieta2_read (12)  [1/1] 0.00ns
_ifconv:3  %ieta2_read = call i16 @_ssdm_op_Read.ap_auto.i16(i16 %ieta2)

ST_1: icet1_read (13)  [1/1] 0.00ns
_ifconv:4  %icet1_read = call i16 @_ssdm_op_Read.ap_auto.i16(i16 %icet1)

ST_1: itet1_read (14)  [1/1] 0.00ns
_ifconv:5  %itet1_read = call i16 @_ssdm_op_Read.ap_auto.i16(i16 %itet1)

ST_1: iphi1_read (15)  [1/1] 0.00ns
_ifconv:6  %iphi1_read = call i16 @_ssdm_op_Read.ap_auto.i16(i16 %iphi1)

ST_1: ieta1_read (16)  [1/1] 0.00ns
_ifconv:7  %ieta1_read = call i16 @_ssdm_op_Read.ap_auto.i16(i16 %ieta1)

ST_1: tmp (17)  [1/1] 1.29ns  loc: /data/skamat/HLS/RCT_2016/vivado_hls/src/ClusterFinder.cc:1537
_ifconv:8  %tmp = icmp eq i16 %ieta1_read, %ieta2_read

ST_1: tmp_1 (18)  [1/1] 1.29ns  loc: /data/skamat/HLS/RCT_2016/vivado_hls/src/ClusterFinder.cc:1537
_ifconv:9  %tmp_1 = icmp eq i16 %iphi1_read, %iphi2_read

ST_1: or_cond (19)  [1/1] 0.71ns  loc: /data/skamat/HLS/RCT_2016/vivado_hls/src/ClusterFinder.cc:1537
_ifconv:10  %or_cond = or i1 %tmp, %tmp_1

ST_1: tmp_2 (20)  [1/1] 1.29ns  loc: /data/skamat/HLS/RCT_2016/vivado_hls/src/ClusterFinder.cc:1538
_ifconv:11  %tmp_2 = icmp ugt i16 %icet1_read, %icet2_read

ST_1: tmp_3 (21)  [1/1] 1.39ns  loc: /data/skamat/HLS/RCT_2016/vivado_hls/src/ClusterFinder.cc:1542
_ifconv:12  %tmp_3 = add i16 %icet2_read, %icet1_read

ST_1: tmp_4 (22)  [1/1] 1.39ns  loc: /data/skamat/HLS/RCT_2016/vivado_hls/src/ClusterFinder.cc:1543
_ifconv:13  %tmp_4 = add i16 %icet2_read, %itet1_read

ST_1: tmp_5 (23)  [1/1] 1.39ns  loc: /data/skamat/HLS/RCT_2016/vivado_hls/src/ClusterFinder.cc:1547
_ifconv:14  %tmp_5 = sub i16 %itet2_read, %icet2_read

ST_1: tmp_7 (24)  [1/1] 1.39ns  loc: /data/skamat/HLS/RCT_2016/vivado_hls/src/ClusterFinder.cc:1554
_ifconv:15  %tmp_7 = add i16 %itet2_read, %icet1_read

ST_1: tmp_8 (25)  [1/1] 1.39ns  loc: /data/skamat/HLS/RCT_2016/vivado_hls/src/ClusterFinder.cc:1558
_ifconv:16  %tmp_8 = sub i16 %itet1_read, %icet1_read

ST_1: sel_tmp (26)  [1/1] 0.71ns  loc: /data/skamat/HLS/RCT_2016/vivado_hls/src/ClusterFinder.cc:1537
_ifconv:17  %sel_tmp = and i1 %or_cond, %tmp_2

ST_1: sel_tmp1 (27)  [1/1] 0.00ns  loc: /data/skamat/HLS/RCT_2016/vivado_hls/src/ClusterFinder.cc:1534 (grouped into LUT with out node tet1_write_assign)
_ifconv:18  %sel_tmp1 = select i1 %sel_tmp, i16 %tmp_4, i16 %tmp_8

ST_1: tet1_write_assign (28)  [1/1] 0.71ns  loc: /data/skamat/HLS/RCT_2016/vivado_hls/src/ClusterFinder.cc:1534 (out node of the LUT)
_ifconv:19  %tet1_write_assign = select i1 %or_cond, i16 %sel_tmp1, i16 %itet1_read

ST_1: sel_tmp5 (29)  [1/1] 0.00ns  loc: /data/skamat/HLS/RCT_2016/vivado_hls/src/ClusterFinder.cc:1534 (grouped into LUT with out node cet1_write_assign)
_ifconv:20  %sel_tmp5 = select i1 %sel_tmp, i16 %tmp_3, i16 0

ST_1: cet1_write_assign (30)  [1/1] 0.71ns  loc: /data/skamat/HLS/RCT_2016/vivado_hls/src/ClusterFinder.cc:1534 (out node of the LUT)
_ifconv:21  %cet1_write_assign = select i1 %or_cond, i16 %sel_tmp5, i16 %icet1_read

ST_1: sel_tmp9 (31)  [1/1] 0.00ns  loc: /data/skamat/HLS/RCT_2016/vivado_hls/src/ClusterFinder.cc:1534 (grouped into LUT with out node phi1_write_assign)
_ifconv:22  %sel_tmp9 = select i1 %sel_tmp, i16 %iphi1_read, i16 2

ST_1: phi1_write_assign (32)  [1/1] 0.71ns  loc: /data/skamat/HLS/RCT_2016/vivado_hls/src/ClusterFinder.cc:1534 (out node of the LUT)
_ifconv:23  %phi1_write_assign = select i1 %or_cond, i16 %sel_tmp9, i16 %iphi1_read

ST_1: sel_tmp2 (33)  [1/1] 0.00ns  loc: /data/skamat/HLS/RCT_2016/vivado_hls/src/ClusterFinder.cc:1535 (grouped into LUT with out node eta2_write_assign)
_ifconv:24  %sel_tmp2 = select i1 %sel_tmp, i16 2, i16 %ieta2_read

ST_1: eta2_write_assign (34)  [1/1] 0.71ns  loc: /data/skamat/HLS/RCT_2016/vivado_hls/src/ClusterFinder.cc:1535 (out node of the LUT)
_ifconv:25  %eta2_write_assign = select i1 %or_cond, i16 %sel_tmp2, i16 %ieta2_read

ST_1: sel_tmp3 (35)  [1/1] 0.00ns  loc: /data/skamat/HLS/RCT_2016/vivado_hls/src/ClusterFinder.cc:1535 (grouped into LUT with out node phi2_write_assign)
_ifconv:26  %sel_tmp3 = select i1 %sel_tmp, i16 2, i16 %iphi2_read

ST_1: phi2_write_assign (36)  [1/1] 0.71ns  loc: /data/skamat/HLS/RCT_2016/vivado_hls/src/ClusterFinder.cc:1535 (out node of the LUT)
_ifconv:27  %phi2_write_assign = select i1 %or_cond, i16 %sel_tmp3, i16 %iphi2_read

ST_1: sel_tmp4 (37)  [1/1] 0.00ns  loc: /data/skamat/HLS/RCT_2016/vivado_hls/src/ClusterFinder.cc:1534 (grouped into LUT with out node eta1_write_assign)
_ifconv:28  %sel_tmp4 = select i1 %sel_tmp, i16 %ieta1_read, i16 2

ST_1: eta1_write_assign (38)  [1/1] 0.71ns  loc: /data/skamat/HLS/RCT_2016/vivado_hls/src/ClusterFinder.cc:1534 (out node of the LUT)
_ifconv:29  %eta1_write_assign = select i1 %or_cond, i16 %sel_tmp4, i16 %ieta1_read

ST_1: sel_tmp6 (39)  [1/1] 0.00ns  loc: /data/skamat/HLS/RCT_2016/vivado_hls/src/ClusterFinder.cc:1535 (grouped into LUT with out node tet2_write_assign)
_ifconv:30  %sel_tmp6 = select i1 %sel_tmp, i16 %tmp_5, i16 %tmp_7

ST_1: tet2_write_assign (40)  [1/1] 0.71ns  loc: /data/skamat/HLS/RCT_2016/vivado_hls/src/ClusterFinder.cc:1535 (out node of the LUT)
_ifconv:31  %tet2_write_assign = select i1 %or_cond, i16 %sel_tmp6, i16 %itet2_read

ST_1: sel_tmp7 (41)  [1/1] 0.00ns  loc: /data/skamat/HLS/RCT_2016/vivado_hls/src/ClusterFinder.cc:1535 (grouped into LUT with out node cet2_write_assign)
_ifconv:32  %sel_tmp7 = select i1 %sel_tmp, i16 0, i16 %tmp_3

ST_1: cet2_write_assign (42)  [1/1] 0.71ns  loc: /data/skamat/HLS/RCT_2016/vivado_hls/src/ClusterFinder.cc:1535 (out node of the LUT)
_ifconv:33  %cet2_write_assign = select i1 %or_cond, i16 %sel_tmp7, i16 %icet2_read

ST_1: mrv (43)  [1/1] 0.00ns  loc: /data/skamat/HLS/RCT_2016/vivado_hls/src/ClusterFinder.cc:1534
_ifconv:34  %mrv = insertvalue { i16, i16, i16, i16, i16, i16, i16, i16 } undef, i16 %eta1_write_assign, 0

ST_1: mrv_1 (44)  [1/1] 0.00ns  loc: /data/skamat/HLS/RCT_2016/vivado_hls/src/ClusterFinder.cc:1534
_ifconv:35  %mrv_1 = insertvalue { i16, i16, i16, i16, i16, i16, i16, i16 } %mrv, i16 %phi1_write_assign, 1

ST_1: mrv_2 (45)  [1/1] 0.00ns  loc: /data/skamat/HLS/RCT_2016/vivado_hls/src/ClusterFinder.cc:1534
_ifconv:36  %mrv_2 = insertvalue { i16, i16, i16, i16, i16, i16, i16, i16 } %mrv_1, i16 %tet1_write_assign, 2

ST_1: mrv_3 (46)  [1/1] 0.00ns  loc: /data/skamat/HLS/RCT_2016/vivado_hls/src/ClusterFinder.cc:1534
_ifconv:37  %mrv_3 = insertvalue { i16, i16, i16, i16, i16, i16, i16, i16 } %mrv_2, i16 %cet1_write_assign, 3

ST_1: mrv_4 (47)  [1/1] 0.00ns  loc: /data/skamat/HLS/RCT_2016/vivado_hls/src/ClusterFinder.cc:1534
_ifconv:38  %mrv_4 = insertvalue { i16, i16, i16, i16, i16, i16, i16, i16 } %mrv_3, i16 %eta2_write_assign, 4

ST_1: mrv_5 (48)  [1/1] 0.00ns  loc: /data/skamat/HLS/RCT_2016/vivado_hls/src/ClusterFinder.cc:1534
_ifconv:39  %mrv_5 = insertvalue { i16, i16, i16, i16, i16, i16, i16, i16 } %mrv_4, i16 %phi2_write_assign, 5

ST_1: mrv_6 (49)  [1/1] 0.00ns  loc: /data/skamat/HLS/RCT_2016/vivado_hls/src/ClusterFinder.cc:1534
_ifconv:40  %mrv_6 = insertvalue { i16, i16, i16, i16, i16, i16, i16, i16 } %mrv_5, i16 %tet2_write_assign, 6

ST_1: mrv_7 (50)  [1/1] 0.00ns  loc: /data/skamat/HLS/RCT_2016/vivado_hls/src/ClusterFinder.cc:1534
_ifconv:41  %mrv_7 = insertvalue { i16, i16, i16, i16, i16, i16, i16, i16 } %mrv_6, i16 %cet2_write_assign, 7

ST_1: StgValue_44 (51)  [1/1] 0.00ns  loc: /data/skamat/HLS/RCT_2016/vivado_hls/src/ClusterFinder.cc:1534
_ifconv:42  ret { i16, i16, i16, i16, i16, i16, i16, i16 } %mrv_7



============================================================
+ Verbose Summary: Binding
============================================================
STG Binding: 
---------------- STG Properties BEGIN ----------------
- Is combinational: 1
- Is one-state seq: 0
- Is datapath-only: 0
- Is clock enabled: 0
- Is pipelined: 1
- Is top level: 0
Port [ Return ] is wired: 1; IO mode=ap_ctrl_hs:ce=0
Port [ ieta1]:  wired=1; compound=0; hidden=0; nouse=0; global=0; static=0; extern=0; dir=0; type=0; pingpong=0; private_global=0; IO mode=ap_none:ce=0
Port [ iphi1]:  wired=1; compound=0; hidden=0; nouse=0; global=0; static=0; extern=0; dir=0; type=0; pingpong=0; private_global=0; IO mode=ap_none:ce=0
Port [ itet1]:  wired=1; compound=0; hidden=0; nouse=0; global=0; static=0; extern=0; dir=0; type=0; pingpong=0; private_global=0; IO mode=ap_none:ce=0
Port [ icet1]:  wired=1; compound=0; hidden=0; nouse=0; global=0; static=0; extern=0; dir=0; type=0; pingpong=0; private_global=0; IO mode=ap_none:ce=0
Port [ ieta2]:  wired=1; compound=0; hidden=0; nouse=0; global=0; static=0; extern=0; dir=0; type=0; pingpong=0; private_global=0; IO mode=ap_none:ce=0
Port [ iphi2]:  wired=1; compound=0; hidden=0; nouse=0; global=0; static=0; extern=0; dir=0; type=0; pingpong=0; private_global=0; IO mode=ap_none:ce=0
Port [ itet2]:  wired=1; compound=0; hidden=0; nouse=0; global=0; static=0; extern=0; dir=0; type=0; pingpong=0; private_global=0; IO mode=ap_none:ce=0
Port [ icet2]:  wired=1; compound=0; hidden=0; nouse=0; global=0; static=0; extern=0; dir=0; type=0; pingpong=0; private_global=0; IO mode=ap_none:ce=0
---------------- STG Properties END ------------------

---------------- Datapath Model BEGIN ----------------

<LifeTime>
<method=bitvector/>
icet2_read        (read       ) [ 00]
itet2_read        (read       ) [ 00]
iphi2_read        (read       ) [ 00]
ieta2_read        (read       ) [ 00]
icet1_read        (read       ) [ 00]
itet1_read        (read       ) [ 00]
iphi1_read        (read       ) [ 00]
ieta1_read        (read       ) [ 00]
tmp               (icmp       ) [ 00]
tmp_1             (icmp       ) [ 00]
or_cond           (or         ) [ 01]
tmp_2             (icmp       ) [ 00]
tmp_3             (add        ) [ 00]
tmp_4             (add        ) [ 00]
tmp_5             (sub        ) [ 00]
tmp_7             (add        ) [ 00]
tmp_8             (sub        ) [ 00]
sel_tmp           (and        ) [ 01]
sel_tmp1          (select     ) [ 00]
tet1_write_assign (select     ) [ 00]
sel_tmp5          (select     ) [ 00]
cet1_write_assign (select     ) [ 00]
sel_tmp9          (select     ) [ 00]
phi1_write_assign (select     ) [ 00]
sel_tmp2          (select     ) [ 00]
eta2_write_assign (select     ) [ 00]
sel_tmp3          (select     ) [ 00]
phi2_write_assign (select     ) [ 00]
sel_tmp4          (select     ) [ 00]
eta1_write_assign (select     ) [ 00]
sel_tmp6          (select     ) [ 00]
tet2_write_assign (select     ) [ 00]
sel_tmp7          (select     ) [ 00]
cet2_write_assign (select     ) [ 00]
mrv               (insertvalue) [ 00]
mrv_1             (insertvalue) [ 00]
mrv_2             (insertvalue) [ 00]
mrv_3             (insertvalue) [ 00]
mrv_4             (insertvalue) [ 00]
mrv_5             (insertvalue) [ 00]
mrv_6             (insertvalue) [ 00]
mrv_7             (insertvalue) [ 00]
StgValue_44       (ret        ) [ 00]
</LifeTime>

<model>

<comp_list>
<comp id="0" class="1000" name="ieta1">
<pin_list>
<pin id="1" dir="1" index="0" bw="1" slack="0"/>
</pin_list>
<bind>
<StgValue><ssdm name="ieta1"/></StgValue>
</bind>
</comp>

<comp id="2" class="1000" name="iphi1">
<pin_list>
<pin id="3" dir="1" index="0" bw="1" slack="0"/>
</pin_list>
<bind>
<StgValue><ssdm name="iphi1"/></StgValue>
</bind>
</comp>

<comp id="4" class="1000" name="itet1">
<pin_list>
<pin id="5" dir="1" index="0" bw="1" slack="0"/>
</pin_list>
<bind>
<StgValue><ssdm name="itet1"/></StgValue>
</bind>
</comp>

<comp id="6" class="1000" name="icet1">
<pin_list>
<pin id="7" dir="1" index="0" bw="1" slack="0"/>
</pin_list>
<bind>
<StgValue><ssdm name="icet1"/></StgValue>
</bind>
</comp>

<comp id="8" class="1000" name="ieta2">
<pin_list>
<pin id="9" dir="1" index="0" bw="1" slack="0"/>
</pin_list>
<bind>
<StgValue><ssdm name="ieta2"/></StgValue>
</bind>
</comp>

<comp id="10" class="1000" name="iphi2">
<pin_list>
<pin id="11" dir="1" index="0" bw="1" slack="0"/>
</pin_list>
<bind>
<StgValue><ssdm name="iphi2"/></StgValue>
</bind>
</comp>

<comp id="12" class="1000" name="itet2">
<pin_list>
<pin id="13" dir="1" index="0" bw="1" slack="0"/>
</pin_list>
<bind>
<StgValue><ssdm name="itet2"/></StgValue>
</bind>
</comp>

<comp id="14" class="1000" name="icet2">
<pin_list>
<pin id="15" dir="1" index="0" bw="1" slack="0"/>
</pin_list>
<bind>
<StgValue><ssdm name="icet2"/></StgValue>
</bind>
</comp>

<comp id="16" class="1001" name="const_16">
<pin_list>
<pin id="17" dir="1" index="0" bw="1" slack="0"/>
</pin_list>
<bind>
<StgValue><ssdm name="_ssdm_op_Read.ap_auto.i16"/></StgValue>
</bind>
</comp>

<comp id="18" class="1001" name="const_18">
<pin_list>
<pin id="19" dir="1" index="0" bw="1" slack="0"/>
</pin_list>
<bind>
<StgValue><ssdm name=""/></StgValue>
</bind>
</comp>

<comp id="20" class="1001" name="const_20">
<pin_list>
<pin id="21" dir="1" index="0" bw="1" slack="0"/>
</pin_list>
<bind>
<StgValue><ssdm name=""/></StgValue>
</bind>
</comp>

<comp id="22" class="1001" name="const_22">
<pin_list>
<pin id="23" dir="1" index="0" bw="1" slack="0"/>
</pin_list>
<bind>
<StgValue><ssdm name=""/></StgValue>
</bind>
</comp>

<comp id="24" class="1004" name="icet2_read_read_fu_24">
<pin_list>
<pin id="25" dir="0" index="0" bw="16" slack="0"/>
<pin id="26" dir="0" index="1" bw="16" slack="0"/>
<pin id="27" dir="1" index="2" bw="16" slack="0"/>
</pin_list>
<bind>
<opcode="read(1150) " fcode="read"/>
<opset="icet2_read/1 "/>
</bind>
</comp>

<comp id="30" class="1004" name="itet2_read_read_fu_30">
<pin_list>
<pin id="31" dir="0" index="0" bw="16" slack="0"/>
<pin id="32" dir="0" index="1" bw="16" slack="0"/>
<pin id="33" dir="1" index="2" bw="16" slack="0"/>
</pin_list>
<bind>
<opcode="read(1150) " fcode="read"/>
<opset="itet2_read/1 "/>
</bind>
</comp>

<comp id="36" class="1004" name="iphi2_read_read_fu_36">
<pin_list>
<pin id="37" dir="0" index="0" bw="16" slack="0"/>
<pin id="38" dir="0" index="1" bw="16" slack="0"/>
<pin id="39" dir="1" index="2" bw="16" slack="0"/>
</pin_list>
<bind>
<opcode="read(1150) " fcode="read"/>
<opset="iphi2_read/1 "/>
</bind>
</comp>

<comp id="42" class="1004" name="ieta2_read_read_fu_42">
<pin_list>
<pin id="43" dir="0" index="0" bw="16" slack="0"/>
<pin id="44" dir="0" index="1" bw="16" slack="0"/>
<pin id="45" dir="1" index="2" bw="16" slack="0"/>
</pin_list>
<bind>
<opcode="read(1150) " fcode="read"/>
<opset="ieta2_read/1 "/>
</bind>
</comp>

<comp id="48" class="1004" name="icet1_read_read_fu_48">
<pin_list>
<pin id="49" dir="0" index="0" bw="16" slack="0"/>
<pin id="50" dir="0" index="1" bw="16" slack="0"/>
<pin id="51" dir="1" index="2" bw="16" slack="0"/>
</pin_list>
<bind>
<opcode="read(1150) " fcode="read"/>
<opset="icet1_read/1 "/>
</bind>
</comp>

<comp id="54" class="1004" name="itet1_read_read_fu_54">
<pin_list>
<pin id="55" dir="0" index="0" bw="16" slack="0"/>
<pin id="56" dir="0" index="1" bw="16" slack="0"/>
<pin id="57" dir="1" index="2" bw="16" slack="0"/>
</pin_list>
<bind>
<opcode="read(1150) " fcode="read"/>
<opset="itet1_read/1 "/>
</bind>
</comp>

<comp id="60" class="1004" name="iphi1_read_read_fu_60">
<pin_list>
<pin id="61" dir="0" index="0" bw="16" slack="0"/>
<pin id="62" dir="0" index="1" bw="16" slack="0"/>
<pin id="63" dir="1" index="2" bw="16" slack="0"/>
</pin_list>
<bind>
<opcode="read(1150) " fcode="read"/>
<opset="iphi1_read/1 "/>
</bind>
</comp>

<comp id="66" class="1004" name="ieta1_read_read_fu_66">
<pin_list>
<pin id="67" dir="0" index="0" bw="16" slack="0"/>
<pin id="68" dir="0" index="1" bw="16" slack="0"/>
<pin id="69" dir="1" index="2" bw="16" slack="0"/>
</pin_list>
<bind>
<opcode="read(1150) " fcode="read"/>
<opset="ieta1_read/1 "/>
</bind>
</comp>

<comp id="72" class="1004" name="tmp_fu_72">
<pin_list>
<pin id="73" dir="0" index="0" bw="16" slack="0"/>
<pin id="74" dir="0" index="1" bw="16" slack="0"/>
<pin id="75" dir="1" index="2" bw="1" slack="0"/>
</pin_list>
<bind>
<opcode="icmp(45) " fcode="icmp"/>
<opset="tmp/1 "/>
</bind>
</comp>

<comp id="78" class="1004" name="tmp_1_fu_78">
<pin_list>
<pin id="79" dir="0" index="0" bw="16" slack="0"/>
<pin id="80" dir="0" index="1" bw="16" slack="0"/>
<pin id="81" dir="1" index="2" bw="1" slack="0"/>
</pin_list>
<bind>
<opcode="icmp(45) " fcode="icmp"/>
<opset="tmp_1/1 "/>
</bind>
</comp>

<comp id="84" class="1004" name="or_cond_fu_84">
<pin_list>
<pin id="85" dir="0" index="0" bw="1" slack="0"/>
<pin id="86" dir="0" index="1" bw="1" slack="0"/>
<pin id="87" dir="1" index="2" bw="1" slack="0"/>
</pin_list>
<bind>
<opcode="or(24) " fcode="or"/>
<opset="or_cond/1 "/>
</bind>
</comp>

<comp id="90" class="1004" name="tmp_2_fu_90">
<pin_list>
<pin id="91" dir="0" index="0" bw="16" slack="0"/>
<pin id="92" dir="0" index="1" bw="16" slack="0"/>
<pin id="93" dir="1" index="2" bw="1" slack="0"/>
</pin_list>
<bind>
<opcode="icmp(45) " fcode="icmp"/>
<opset="tmp_2/1 "/>
</bind>
</comp>

<comp id="96" class="1004" name="tmp_3_fu_96">
<pin_list>
<pin id="97" dir="0" index="0" bw="16" slack="0"/>
<pin id="98" dir="0" index="1" bw="16" slack="0"/>
<pin id="99" dir="1" index="2" bw="16" slack="0"/>
</pin_list>
<bind>
<opcode="add(8) " fcode="add"/>
<opset="tmp_3/1 "/>
</bind>
</comp>

<comp id="102" class="1004" name="tmp_4_fu_102">
<pin_list>
<pin id="103" dir="0" index="0" bw="16" slack="0"/>
<pin id="104" dir="0" index="1" bw="16" slack="0"/>
<pin id="105" dir="1" index="2" bw="16" slack="0"/>
</pin_list>
<bind>
<opcode="add(8) " fcode="add"/>
<opset="tmp_4/1 "/>
</bind>
</comp>

<comp id="108" class="1004" name="tmp_5_fu_108">
<pin_list>
<pin id="109" dir="0" index="0" bw="16" slack="0"/>
<pin id="110" dir="0" index="1" bw="16" slack="0"/>
<pin id="111" dir="1" index="2" bw="16" slack="0"/>
</pin_list>
<bind>
<opcode="sub(10) " fcode="sub"/>
<opset="tmp_5/1 "/>
</bind>
</comp>

<comp id="114" class="1004" name="tmp_7_fu_114">
<pin_list>
<pin id="115" dir="0" index="0" bw="16" slack="0"/>
<pin id="116" dir="0" index="1" bw="16" slack="0"/>
<pin id="117" dir="1" index="2" bw="16" slack="0"/>
</pin_list>
<bind>
<opcode="add(8) " fcode="add"/>
<opset="tmp_7/1 "/>
</bind>
</comp>

<comp id="120" class="1004" name="tmp_8_fu_120">
<pin_list>
<pin id="121" dir="0" index="0" bw="16" slack="0"/>
<pin id="122" dir="0" index="1" bw="16" slack="0"/>
<pin id="123" dir="1" index="2" bw="16" slack="0"/>
</pin_list>
<bind>
<opcode="sub(10) " fcode="sub"/>
<opset="tmp_8/1 "/>
</bind>
</comp>

<comp id="126" class="1004" name="sel_tmp_fu_126">
<pin_list>
<pin id="127" dir="0" index="0" bw="1" slack="0"/>
<pin id="128" dir="0" index="1" bw="1" slack="0"/>
<pin id="129" dir="1" index="2" bw="1" slack="0"/>
</pin_list>
<bind>
<opcode="and(23) " fcode="and"/>
<opset="sel_tmp/1 "/>
</bind>
</comp>

<comp id="132" class="1004" name="sel_tmp1_fu_132">
<pin_list>
<pin id="133" dir="0" index="0" bw="1" slack="0"/>
<pin id="134" dir="0" index="1" bw="16" slack="0"/>
<pin id="135" dir="0" index="2" bw="16" slack="0"/>
<pin id="136" dir="1" index="3" bw="16" slack="0"/>
</pin_list>
<bind>
<opcode="select(49) " fcode="select"/>
<opset="sel_tmp1/1 "/>
</bind>
</comp>

<comp id="140" class="1004" name="tet1_write_assign_fu_140">
<pin_list>
<pin id="141" dir="0" index="0" bw="1" slack="0"/>
<pin id="142" dir="0" index="1" bw="16" slack="0"/>
<pin id="143" dir="0" index="2" bw="16" slack="0"/>
<pin id="144" dir="1" index="3" bw="16" slack="0"/>
</pin_list>
<bind>
<opcode="select(49) " fcode="select"/>
<opset="tet1_write_assign/1 "/>
</bind>
</comp>

<comp id="148" class="1004" name="sel_tmp5_fu_148">
<pin_list>
<pin id="149" dir="0" index="0" bw="1" slack="0"/>
<pin id="150" dir="0" index="1" bw="16" slack="0"/>
<pin id="151" dir="0" index="2" bw="16" slack="0"/>
<pin id="152" dir="1" index="3" bw="16" slack="0"/>
</pin_list>
<bind>
<opcode="select(49) " fcode="select"/>
<opset="sel_tmp5/1 "/>
</bind>
</comp>

<comp id="156" class="1004" name="cet1_write_assign_fu_156">
<pin_list>
<pin id="157" dir="0" index="0" bw="1" slack="0"/>
<pin id="158" dir="0" index="1" bw="16" slack="0"/>
<pin id="159" dir="0" index="2" bw="16" slack="0"/>
<pin id="160" dir="1" index="3" bw="16" slack="0"/>
</pin_list>
<bind>
<opcode="select(49) " fcode="select"/>
<opset="cet1_write_assign/1 "/>
</bind>
</comp>

<comp id="164" class="1004" name="sel_tmp9_fu_164">
<pin_list>
<pin id="165" dir="0" index="0" bw="1" slack="0"/>
<pin id="166" dir="0" index="1" bw="16" slack="0"/>
<pin id="167" dir="0" index="2" bw="16" slack="0"/>
<pin id="168" dir="1" index="3" bw="16" slack="0"/>
</pin_list>
<bind>
<opcode="select(49) " fcode="select"/>
<opset="sel_tmp9/1 "/>
</bind>
</comp>

<comp id="172" class="1004" name="phi1_write_assign_fu_172">
<pin_list>
<pin id="173" dir="0" index="0" bw="1" slack="0"/>
<pin id="174" dir="0" index="1" bw="16" slack="0"/>
<pin id="175" dir="0" index="2" bw="16" slack="0"/>
<pin id="176" dir="1" index="3" bw="16" slack="0"/>
</pin_list>
<bind>
<opcode="select(49) " fcode="select"/>
<opset="phi1_write_assign/1 "/>
</bind>
</comp>

<comp id="180" class="1004" name="sel_tmp2_fu_180">
<pin_list>
<pin id="181" dir="0" index="0" bw="1" slack="0"/>
<pin id="182" dir="0" index="1" bw="16" slack="0"/>
<pin id="183" dir="0" index="2" bw="16" slack="0"/>
<pin id="184" dir="1" index="3" bw="16" slack="0"/>
</pin_list>
<bind>
<opcode="select(49) " fcode="select"/>
<opset="sel_tmp2/1 "/>
</bind>
</comp>

<comp id="188" class="1004" name="eta2_write_assign_fu_188">
<pin_list>
<pin id="189" dir="0" index="0" bw="1" slack="0"/>
<pin id="190" dir="0" index="1" bw="16" slack="0"/>
<pin id="191" dir="0" index="2" bw="16" slack="0"/>
<pin id="192" dir="1" index="3" bw="16" slack="0"/>
</pin_list>
<bind>
<opcode="select(49) " fcode="select"/>
<opset="eta2_write_assign/1 "/>
</bind>
</comp>

<comp id="196" class="1004" name="sel_tmp3_fu_196">
<pin_list>
<pin id="197" dir="0" index="0" bw="1" slack="0"/>
<pin id="198" dir="0" index="1" bw="16" slack="0"/>
<pin id="199" dir="0" index="2" bw="16" slack="0"/>
<pin id="200" dir="1" index="3" bw="16" slack="0"/>
</pin_list>
<bind>
<opcode="select(49) " fcode="select"/>
<opset="sel_tmp3/1 "/>
</bind>
</comp>

<comp id="204" class="1004" name="phi2_write_assign_fu_204">
<pin_list>
<pin id="205" dir="0" index="0" bw="1" slack="0"/>
<pin id="206" dir="0" index="1" bw="16" slack="0"/>
<pin id="207" dir="0" index="2" bw="16" slack="0"/>
<pin id="208" dir="1" index="3" bw="16" slack="0"/>
</pin_list>
<bind>
<opcode="select(49) " fcode="select"/>
<opset="phi2_write_assign/1 "/>
</bind>
</comp>

<comp id="212" class="1004" name="sel_tmp4_fu_212">
<pin_list>
<pin id="213" dir="0" index="0" bw="1" slack="0"/>
<pin id="214" dir="0" index="1" bw="16" slack="0"/>
<pin id="215" dir="0" index="2" bw="16" slack="0"/>
<pin id="216" dir="1" index="3" bw="16" slack="0"/>
</pin_list>
<bind>
<opcode="select(49) " fcode="select"/>
<opset="sel_tmp4/1 "/>
</bind>
</comp>

<comp id="220" class="1004" name="eta1_write_assign_fu_220">
<pin_list>
<pin id="221" dir="0" index="0" bw="1" slack="0"/>
<pin id="222" dir="0" index="1" bw="16" slack="0"/>
<pin id="223" dir="0" index="2" bw="16" slack="0"/>
<pin id="224" dir="1" index="3" bw="16" slack="0"/>
</pin_list>
<bind>
<opcode="select(49) " fcode="select"/>
<opset="eta1_write_assign/1 "/>
</bind>
</comp>

<comp id="228" class="1004" name="sel_tmp6_fu_228">
<pin_list>
<pin id="229" dir="0" index="0" bw="1" slack="0"/>
<pin id="230" dir="0" index="1" bw="16" slack="0"/>
<pin id="231" dir="0" index="2" bw="16" slack="0"/>
<pin id="232" dir="1" index="3" bw="16" slack="0"/>
</pin_list>
<bind>
<opcode="select(49) " fcode="select"/>
<opset="sel_tmp6/1 "/>
</bind>
</comp>

<comp id="236" class="1004" name="tet2_write_assign_fu_236">
<pin_list>
<pin id="237" dir="0" index="0" bw="1" slack="0"/>
<pin id="238" dir="0" index="1" bw="16" slack="0"/>
<pin id="239" dir="0" index="2" bw="16" slack="0"/>
<pin id="240" dir="1" index="3" bw="16" slack="0"/>
</pin_list>
<bind>
<opcode="select(49) " fcode="select"/>
<opset="tet2_write_assign/1 "/>
</bind>
</comp>

<comp id="244" class="1004" name="sel_tmp7_fu_244">
<pin_list>
<pin id="245" dir="0" index="0" bw="1" slack="0"/>
<pin id="246" dir="0" index="1" bw="16" slack="0"/>
<pin id="247" dir="0" index="2" bw="16" slack="0"/>
<pin id="248" dir="1" index="3" bw="16" slack="0"/>
</pin_list>
<bind>
<opcode="select(49) " fcode="select"/>
<opset="sel_tmp7/1 "/>
</bind>
</comp>

<comp id="252" class="1004" name="cet2_write_assign_fu_252">
<pin_list>
<pin id="253" dir="0" index="0" bw="1" slack="0"/>
<pin id="254" dir="0" index="1" bw="16" slack="0"/>
<pin id="255" dir="0" index="2" bw="16" slack="0"/>
<pin id="256" dir="1" index="3" bw="16" slack="0"/>
</pin_list>
<bind>
<opcode="select(49) " fcode="select"/>
<opset="cet2_write_assign/1 "/>
</bind>
</comp>

<comp id="260" class="1004" name="mrv_fu_260">
<pin_list>
<pin id="261" dir="0" index="0" bw="128" slack="0"/>
<pin id="262" dir="0" index="1" bw="16" slack="0"/>
<pin id="263" dir="1" index="2" bw="128" slack="0"/>
</pin_list>
<bind>
<opcode="insertvalue(57) " fcode="insertvalue"/>
<opset="mrv/1 "/>
</bind>
</comp>

<comp id="266" class="1004" name="mrv_1_fu_266">
<pin_list>
<pin id="267" dir="0" index="0" bw="128" slack="0"/>
<pin id="268" dir="0" index="1" bw="16" slack="0"/>
<pin id="269" dir="1" index="2" bw="128" slack="0"/>
</pin_list>
<bind>
<opcode="insertvalue(57) " fcode="insertvalue"/>
<opset="mrv_1/1 "/>
</bind>
</comp>

<comp id="272" class="1004" name="mrv_2_fu_272">
<pin_list>
<pin id="273" dir="0" index="0" bw="128" slack="0"/>
<pin id="274" dir="0" index="1" bw="16" slack="0"/>
<pin id="275" dir="1" index="2" bw="128" slack="0"/>
</pin_list>
<bind>
<opcode="insertvalue(57) " fcode="insertvalue"/>
<opset="mrv_2/1 "/>
</bind>
</comp>

<comp id="278" class="1004" name="mrv_3_fu_278">
<pin_list>
<pin id="279" dir="0" index="0" bw="128" slack="0"/>
<pin id="280" dir="0" index="1" bw="16" slack="0"/>
<pin id="281" dir="1" index="2" bw="128" slack="0"/>
</pin_list>
<bind>
<opcode="insertvalue(57) " fcode="insertvalue"/>
<opset="mrv_3/1 "/>
</bind>
</comp>

<comp id="284" class="1004" name="mrv_4_fu_284">
<pin_list>
<pin id="285" dir="0" index="0" bw="128" slack="0"/>
<pin id="286" dir="0" index="1" bw="16" slack="0"/>
<pin id="287" dir="1" index="2" bw="128" slack="0"/>
</pin_list>
<bind>
<opcode="insertvalue(57) " fcode="insertvalue"/>
<opset="mrv_4/1 "/>
</bind>
</comp>

<comp id="290" class="1004" name="mrv_5_fu_290">
<pin_list>
<pin id="291" dir="0" index="0" bw="128" slack="0"/>
<pin id="292" dir="0" index="1" bw="16" slack="0"/>
<pin id="293" dir="1" index="2" bw="128" slack="0"/>
</pin_list>
<bind>
<opcode="insertvalue(57) " fcode="insertvalue"/>
<opset="mrv_5/1 "/>
</bind>
</comp>

<comp id="296" class="1004" name="mrv_6_fu_296">
<pin_list>
<pin id="297" dir="0" index="0" bw="128" slack="0"/>
<pin id="298" dir="0" index="1" bw="16" slack="0"/>
<pin id="299" dir="1" index="2" bw="128" slack="0"/>
</pin_list>
<bind>
<opcode="insertvalue(57) " fcode="insertvalue"/>
<opset="mrv_6/1 "/>
</bind>
</comp>

<comp id="302" class="1004" name="mrv_7_fu_302">
<pin_list>
<pin id="303" dir="0" index="0" bw="128" slack="0"/>
<pin id="304" dir="0" index="1" bw="16" slack="0"/>
<pin id="305" dir="1" index="2" bw="128" slack="2147483647"/>
</pin_list>
<bind>
<opcode="insertvalue(57) " fcode="insertvalue"/>
<opset="mrv_7/1 "/>
</bind>
</comp>

</comp_list>

<net_list>
<net id="28"><net_src comp="16" pin="0"/><net_sink comp="24" pin=0"/></net>

<net id="29"><net_src comp="14" pin="0"/><net_sink comp="24" pin=1"/></net>

<net id="34"><net_src comp="16" pin="0"/><net_sink comp="30" pin=0"/></net>

<net id="35"><net_src comp="12" pin="0"/><net_sink comp="30" pin=1"/></net>

<net id="40"><net_src comp="16" pin="0"/><net_sink comp="36" pin=0"/></net>

<net id="41"><net_src comp="10" pin="0"/><net_sink comp="36" pin=1"/></net>

<net id="46"><net_src comp="16" pin="0"/><net_sink comp="42" pin=0"/></net>

<net id="47"><net_src comp="8" pin="0"/><net_sink comp="42" pin=1"/></net>

<net id="52"><net_src comp="16" pin="0"/><net_sink comp="48" pin=0"/></net>

<net id="53"><net_src comp="6" pin="0"/><net_sink comp="48" pin=1"/></net>

<net id="58"><net_src comp="16" pin="0"/><net_sink comp="54" pin=0"/></net>

<net id="59"><net_src comp="4" pin="0"/><net_sink comp="54" pin=1"/></net>

<net id="64"><net_src comp="16" pin="0"/><net_sink comp="60" pin=0"/></net>

<net id="65"><net_src comp="2" pin="0"/><net_sink comp="60" pin=1"/></net>

<net id="70"><net_src comp="16" pin="0"/><net_sink comp="66" pin=0"/></net>

<net id="71"><net_src comp="0" pin="0"/><net_sink comp="66" pin=1"/></net>

<net id="76"><net_src comp="66" pin="2"/><net_sink comp="72" pin=0"/></net>

<net id="77"><net_src comp="42" pin="2"/><net_sink comp="72" pin=1"/></net>

<net id="82"><net_src comp="60" pin="2"/><net_sink comp="78" pin=0"/></net>

<net id="83"><net_src comp="36" pin="2"/><net_sink comp="78" pin=1"/></net>

<net id="88"><net_src comp="72" pin="2"/><net_sink comp="84" pin=0"/></net>

<net id="89"><net_src comp="78" pin="2"/><net_sink comp="84" pin=1"/></net>

<net id="94"><net_src comp="48" pin="2"/><net_sink comp="90" pin=0"/></net>

<net id="95"><net_src comp="24" pin="2"/><net_sink comp="90" pin=1"/></net>

<net id="100"><net_src comp="24" pin="2"/><net_sink comp="96" pin=0"/></net>

<net id="101"><net_src comp="48" pin="2"/><net_sink comp="96" pin=1"/></net>

<net id="106"><net_src comp="24" pin="2"/><net_sink comp="102" pin=0"/></net>

<net id="107"><net_src comp="54" pin="2"/><net_sink comp="102" pin=1"/></net>

<net id="112"><net_src comp="30" pin="2"/><net_sink comp="108" pin=0"/></net>

<net id="113"><net_src comp="24" pin="2"/><net_sink comp="108" pin=1"/></net>

<net id="118"><net_src comp="30" pin="2"/><net_sink comp="114" pin=0"/></net>

<net id="119"><net_src comp="48" pin="2"/><net_sink comp="114" pin=1"/></net>

<net id="124"><net_src comp="54" pin="2"/><net_sink comp="120" pin=0"/></net>

<net id="125"><net_src comp="48" pin="2"/><net_sink comp="120" pin=1"/></net>

<net id="130"><net_src comp="84" pin="2"/><net_sink comp="126" pin=0"/></net>

<net id="131"><net_src comp="90" pin="2"/><net_sink comp="126" pin=1"/></net>

<net id="137"><net_src comp="126" pin="2"/><net_sink comp="132" pin=0"/></net>

<net id="138"><net_src comp="102" pin="2"/><net_sink comp="132" pin=1"/></net>

<net id="139"><net_src comp="120" pin="2"/><net_sink comp="132" pin=2"/></net>

<net id="145"><net_src comp="84" pin="2"/><net_sink comp="140" pin=0"/></net>

<net id="146"><net_src comp="132" pin="3"/><net_sink comp="140" pin=1"/></net>

<net id="147"><net_src comp="54" pin="2"/><net_sink comp="140" pin=2"/></net>

<net id="153"><net_src comp="126" pin="2"/><net_sink comp="148" pin=0"/></net>

<net id="154"><net_src comp="96" pin="2"/><net_sink comp="148" pin=1"/></net>

<net id="155"><net_src comp="18" pin="0"/><net_sink comp="148" pin=2"/></net>

<net id="161"><net_src comp="84" pin="2"/><net_sink comp="156" pin=0"/></net>

<net id="162"><net_src comp="148" pin="3"/><net_sink comp="156" pin=1"/></net>

<net id="163"><net_src comp="48" pin="2"/><net_sink comp="156" pin=2"/></net>

<net id="169"><net_src comp="126" pin="2"/><net_sink comp="164" pin=0"/></net>

<net id="170"><net_src comp="60" pin="2"/><net_sink comp="164" pin=1"/></net>

<net id="171"><net_src comp="20" pin="0"/><net_sink comp="164" pin=2"/></net>

<net id="177"><net_src comp="84" pin="2"/><net_sink comp="172" pin=0"/></net>

<net id="178"><net_src comp="164" pin="3"/><net_sink comp="172" pin=1"/></net>

<net id="179"><net_src comp="60" pin="2"/><net_sink comp="172" pin=2"/></net>

<net id="185"><net_src comp="126" pin="2"/><net_sink comp="180" pin=0"/></net>

<net id="186"><net_src comp="20" pin="0"/><net_sink comp="180" pin=1"/></net>

<net id="187"><net_src comp="42" pin="2"/><net_sink comp="180" pin=2"/></net>

<net id="193"><net_src comp="84" pin="2"/><net_sink comp="188" pin=0"/></net>

<net id="194"><net_src comp="180" pin="3"/><net_sink comp="188" pin=1"/></net>

<net id="195"><net_src comp="42" pin="2"/><net_sink comp="188" pin=2"/></net>

<net id="201"><net_src comp="126" pin="2"/><net_sink comp="196" pin=0"/></net>

<net id="202"><net_src comp="20" pin="0"/><net_sink comp="196" pin=1"/></net>

<net id="203"><net_src comp="36" pin="2"/><net_sink comp="196" pin=2"/></net>

<net id="209"><net_src comp="84" pin="2"/><net_sink comp="204" pin=0"/></net>

<net id="210"><net_src comp="196" pin="3"/><net_sink comp="204" pin=1"/></net>

<net id="211"><net_src comp="36" pin="2"/><net_sink comp="204" pin=2"/></net>

<net id="217"><net_src comp="126" pin="2"/><net_sink comp="212" pin=0"/></net>

<net id="218"><net_src comp="66" pin="2"/><net_sink comp="212" pin=1"/></net>

<net id="219"><net_src comp="20" pin="0"/><net_sink comp="212" pin=2"/></net>

<net id="225"><net_src comp="84" pin="2"/><net_sink comp="220" pin=0"/></net>

<net id="226"><net_src comp="212" pin="3"/><net_sink comp="220" pin=1"/></net>

<net id="227"><net_src comp="66" pin="2"/><net_sink comp="220" pin=2"/></net>

<net id="233"><net_src comp="126" pin="2"/><net_sink comp="228" pin=0"/></net>

<net id="234"><net_src comp="108" pin="2"/><net_sink comp="228" pin=1"/></net>

<net id="235"><net_src comp="114" pin="2"/><net_sink comp="228" pin=2"/></net>

<net id="241"><net_src comp="84" pin="2"/><net_sink comp="236" pin=0"/></net>

<net id="242"><net_src comp="228" pin="3"/><net_sink comp="236" pin=1"/></net>

<net id="243"><net_src comp="30" pin="2"/><net_sink comp="236" pin=2"/></net>

<net id="249"><net_src comp="126" pin="2"/><net_sink comp="244" pin=0"/></net>

<net id="250"><net_src comp="18" pin="0"/><net_sink comp="244" pin=1"/></net>

<net id="251"><net_src comp="96" pin="2"/><net_sink comp="244" pin=2"/></net>

<net id="257"><net_src comp="84" pin="2"/><net_sink comp="252" pin=0"/></net>

<net id="258"><net_src comp="244" pin="3"/><net_sink comp="252" pin=1"/></net>

<net id="259"><net_src comp="24" pin="2"/><net_sink comp="252" pin=2"/></net>

<net id="264"><net_src comp="22" pin="0"/><net_sink comp="260" pin=0"/></net>

<net id="265"><net_src comp="220" pin="3"/><net_sink comp="260" pin=1"/></net>

<net id="270"><net_src comp="260" pin="2"/><net_sink comp="266" pin=0"/></net>

<net id="271"><net_src comp="172" pin="3"/><net_sink comp="266" pin=1"/></net>

<net id="276"><net_src comp="266" pin="2"/><net_sink comp="272" pin=0"/></net>

<net id="277"><net_src comp="140" pin="3"/><net_sink comp="272" pin=1"/></net>

<net id="282"><net_src comp="272" pin="2"/><net_sink comp="278" pin=0"/></net>

<net id="283"><net_src comp="156" pin="3"/><net_sink comp="278" pin=1"/></net>

<net id="288"><net_src comp="278" pin="2"/><net_sink comp="284" pin=0"/></net>

<net id="289"><net_src comp="188" pin="3"/><net_sink comp="284" pin=1"/></net>

<net id="294"><net_src comp="284" pin="2"/><net_sink comp="290" pin=0"/></net>

<net id="295"><net_src comp="204" pin="3"/><net_sink comp="290" pin=1"/></net>

<net id="300"><net_src comp="290" pin="2"/><net_sink comp="296" pin=0"/></net>

<net id="301"><net_src comp="236" pin="3"/><net_sink comp="296" pin=1"/></net>

<net id="306"><net_src comp="296" pin="2"/><net_sink comp="302" pin=0"/></net>

<net id="307"><net_src comp="252" pin="3"/><net_sink comp="302" pin=1"/></net>

</net_list>

</model> 
---------------- Datapath Model END ------------------

* FSMD analyzer results:
  - Output states:
 - Input state : 
	Port: mergeClusters : ieta1 | {1 }
	Port: mergeClusters : iphi1 | {1 }
	Port: mergeClusters : itet1 | {1 }
	Port: mergeClusters : icet1 | {1 }
	Port: mergeClusters : ieta2 | {1 }
	Port: mergeClusters : iphi2 | {1 }
	Port: mergeClusters : itet2 | {1 }
	Port: mergeClusters : icet2 | {1 }
  - Chain level:
	State 1
		or_cond : 1
		sel_tmp : 1
		sel_tmp1 : 1
		tet1_write_assign : 2
		sel_tmp5 : 1
		cet1_write_assign : 2
		sel_tmp9 : 1
		phi1_write_assign : 2
		sel_tmp2 : 1
		eta2_write_assign : 2
		sel_tmp3 : 1
		phi2_write_assign : 2
		sel_tmp4 : 1
		eta1_write_assign : 2
		sel_tmp6 : 1
		tet2_write_assign : 2
		sel_tmp7 : 1
		cet2_write_assign : 2
		mrv : 3
		mrv_1 : 4
		mrv_2 : 5
		mrv_3 : 6
		mrv_4 : 7
		mrv_5 : 8
		mrv_6 : 9
		mrv_7 : 10
		StgValue_44 : 11


============================================================
+ Verbose Summary: Datapath Resource usage 
============================================================

* Functional unit list:
|----------|--------------------------|---------|---------|
| Operation|      Functional Unit     |    FF   |   LUT   |
|----------|--------------------------|---------|---------|
|          |      sel_tmp1_fu_132     |    0    |    16   |
|          | tet1_write_assign_fu_140 |    0    |    16   |
|          |      sel_tmp5_fu_148     |    0    |    16   |
|          | cet1_write_assign_fu_156 |    0    |    16   |
|          |      sel_tmp9_fu_164     |    0    |    16   |
|          | phi1_write_assign_fu_172 |    0    |    16   |
|          |      sel_tmp2_fu_180     |    0    |    16   |
|  select  | eta2_write_assign_fu_188 |    0    |    16   |
|          |      sel_tmp3_fu_196     |    0    |    16   |
|          | phi2_write_assign_fu_204 |    0    |    16   |
|          |      sel_tmp4_fu_212     |    0    |    16   |
|          | eta1_write_assign_fu_220 |    0    |    16   |
|          |      sel_tmp6_fu_228     |    0    |    16   |
|          | tet2_write_assign_fu_236 |    0    |    16   |
|          |      sel_tmp7_fu_244     |    0    |    16   |
|          | cet2_write_assign_fu_252 |    0    |    16   |
|----------|--------------------------|---------|---------|
|          |        tmp_3_fu_96       |    0    |    16   |
|    add   |       tmp_4_fu_102       |    0    |    16   |
|          |       tmp_7_fu_114       |    0    |    16   |
|----------|--------------------------|---------|---------|
|    sub   |       tmp_5_fu_108       |    0    |    16   |
|          |       tmp_8_fu_120       |    0    |    16   |
|----------|--------------------------|---------|---------|
|          |         tmp_fu_72        |    0    |    6    |
|   icmp   |        tmp_1_fu_78       |    0    |    6    |
|          |        tmp_2_fu_90       |    0    |    6    |
|----------|--------------------------|---------|---------|
|    or    |       or_cond_fu_84      |    0    |    1    |
|----------|--------------------------|---------|---------|
|    and   |      sel_tmp_fu_126      |    0    |    1    |
|----------|--------------------------|---------|---------|
|          |   icet2_read_read_fu_24  |    0    |    0    |
|          |   itet2_read_read_fu_30  |    0    |    0    |
|          |   iphi2_read_read_fu_36  |    0    |    0    |
|   read   |   ieta2_read_read_fu_42  |    0    |    0    |
|          |   icet1_read_read_fu_48  |    0    |    0    |
|          |   itet1_read_read_fu_54  |    0    |    0    |
|          |   iphi1_read_read_fu_60  |    0    |    0    |
|          |   ieta1_read_read_fu_66  |    0    |    0    |
|----------|--------------------------|---------|---------|
|          |        mrv_fu_260        |    0    |    0    |
|          |       mrv_1_fu_266       |    0    |    0    |
|          |       mrv_2_fu_272       |    0    |    0    |
|insertvalue|       mrv_3_fu_278       |    0    |    0    |
|          |       mrv_4_fu_284       |    0    |    0    |
|          |       mrv_5_fu_290       |    0    |    0    |
|          |       mrv_6_fu_296       |    0    |    0    |
|          |       mrv_7_fu_302       |    0    |    0    |
|----------|--------------------------|---------|---------|
|   Total  |                          |    0    |   356   |
|----------|--------------------------|---------|---------|

Memories:
N/A

* Register list:
N/A

* Multiplexer (MUX) list: 
|--------|------|------|------|--------|
|  Comp  |  Pin | Size |  BW  | S x BW |
|--------|------|------|------|--------|
|  Total |      |      |      |    0   |
|--------|------|------|------|--------|



* Summary:
+-----------+--------+--------+
|           |   FF   |   LUT  |
+-----------+--------+--------+
|  Function |    0   |   356  |
|   Memory  |    -   |    -   |
|Multiplexer|    -   |    -   |
|  Register |    -   |    -   |
+-----------+--------+--------+
|   Total   |    0   |   356  |
+-----------+--------+--------+
